[2024-06-18T14:28:00.429+0000] {processor.py:161} INFO - Started process (PID=241) to work on /opt/airflow/dags/dag_sentiment_analysis.py
[2024-06-18T14:28:00.450+0000] {processor.py:830} INFO - Processing file /opt/airflow/dags/dag_sentiment_analysis.py for tasks to queue
[2024-06-18T14:28:00.472+0000] {logging_mixin.py:188} INFO - [2024-06-18T14:28:00.461+0000] {dagbag.py:540} INFO - Filling up the DagBag from /opt/airflow/dags/dag_sentiment_analysis.py
[2024-06-18T14:28:23.437+0000] {processor.py:840} INFO - DAG(s) 'sentiment_analysis' retrieved from /opt/airflow/dags/dag_sentiment_analysis.py
[2024-06-18T14:28:25.248+0000] {logging_mixin.py:188} INFO - [2024-06-18T14:28:25.240+0000] {override.py:1769} INFO - Created Permission View: can edit on DAG:sentiment_analysis
[2024-06-18T14:28:25.281+0000] {logging_mixin.py:188} INFO - [2024-06-18T14:28:25.279+0000] {override.py:1769} INFO - Created Permission View: can delete on DAG:sentiment_analysis
[2024-06-18T14:28:25.329+0000] {logging_mixin.py:188} INFO - [2024-06-18T14:28:25.328+0000] {override.py:1769} INFO - Created Permission View: can read on DAG:sentiment_analysis
[2024-06-18T14:28:25.333+0000] {logging_mixin.py:188} INFO - [2024-06-18T14:28:25.332+0000] {dag.py:3047} INFO - Sync 1 DAGs
[2024-06-18T14:28:25.440+0000] {logging_mixin.py:188} INFO - [2024-06-18T14:28:25.437+0000] {dag.py:3069} INFO - Creating ORM DAG for sentiment_analysis
[2024-06-18T14:28:25.540+0000] {logging_mixin.py:188} INFO - [2024-06-18T14:28:25.539+0000] {dag.py:3834} INFO - Setting next_dagrun for sentiment_analysis to 2024-06-17 00:00:00+00:00, run_after=2024-06-18 00:00:00+00:00
[2024-06-18T14:28:25.689+0000] {processor.py:183} INFO - Processing /opt/airflow/dags/dag_sentiment_analysis.py took 25.526 seconds
[2024-06-18T14:28:57.317+0000] {processor.py:161} INFO - Started process (PID=247) to work on /opt/airflow/dags/dag_sentiment_analysis.py
[2024-06-18T14:28:57.341+0000] {processor.py:830} INFO - Processing file /opt/airflow/dags/dag_sentiment_analysis.py for tasks to queue
[2024-06-18T14:28:57.358+0000] {logging_mixin.py:188} INFO - [2024-06-18T14:28:57.351+0000] {dagbag.py:540} INFO - Filling up the DagBag from /opt/airflow/dags/dag_sentiment_analysis.py
[2024-06-18T14:29:07.307+0000] {processor.py:840} INFO - DAG(s) 'sentiment_analysis' retrieved from /opt/airflow/dags/dag_sentiment_analysis.py
[2024-06-18T14:29:07.794+0000] {logging_mixin.py:188} INFO - [2024-06-18T14:29:07.789+0000] {dag.py:3047} INFO - Sync 1 DAGs
[2024-06-18T14:29:07.963+0000] {logging_mixin.py:188} INFO - [2024-06-18T14:29:07.962+0000] {dag.py:3834} INFO - Setting next_dagrun for sentiment_analysis to 2024-06-17 00:00:00+00:00, run_after=2024-06-18 00:00:00+00:00
[2024-06-18T14:29:08.118+0000] {processor.py:183} INFO - Processing /opt/airflow/dags/dag_sentiment_analysis.py took 10.898 seconds
[2024-06-18T14:29:39.740+0000] {processor.py:161} INFO - Started process (PID=253) to work on /opt/airflow/dags/dag_sentiment_analysis.py
[2024-06-18T14:29:39.773+0000] {processor.py:830} INFO - Processing file /opt/airflow/dags/dag_sentiment_analysis.py for tasks to queue
[2024-06-18T14:29:39.796+0000] {logging_mixin.py:188} INFO - [2024-06-18T14:29:39.787+0000] {dagbag.py:540} INFO - Filling up the DagBag from /opt/airflow/dags/dag_sentiment_analysis.py
[2024-06-18T14:29:46.681+0000] {processor.py:840} INFO - DAG(s) 'sentiment_analysis' retrieved from /opt/airflow/dags/dag_sentiment_analysis.py
[2024-06-18T14:29:46.930+0000] {logging_mixin.py:188} INFO - [2024-06-18T14:29:46.925+0000] {dag.py:3047} INFO - Sync 1 DAGs
[2024-06-18T14:29:47.005+0000] {logging_mixin.py:188} INFO - [2024-06-18T14:29:47.004+0000] {dag.py:3834} INFO - Setting next_dagrun for sentiment_analysis to 2024-06-17 00:00:00+00:00, run_after=2024-06-18 00:00:00+00:00
[2024-06-18T14:29:47.070+0000] {processor.py:183} INFO - Processing /opt/airflow/dags/dag_sentiment_analysis.py took 7.442 seconds
[2024-06-18T14:30:17.655+0000] {processor.py:161} INFO - Started process (PID=259) to work on /opt/airflow/dags/dag_sentiment_analysis.py
[2024-06-18T14:30:17.662+0000] {processor.py:830} INFO - Processing file /opt/airflow/dags/dag_sentiment_analysis.py for tasks to queue
[2024-06-18T14:30:17.672+0000] {logging_mixin.py:188} INFO - [2024-06-18T14:30:17.668+0000] {dagbag.py:540} INFO - Filling up the DagBag from /opt/airflow/dags/dag_sentiment_analysis.py
[2024-06-18T14:30:26.106+0000] {processor.py:840} INFO - DAG(s) 'sentiment_analysis' retrieved from /opt/airflow/dags/dag_sentiment_analysis.py
[2024-06-18T14:30:26.330+0000] {logging_mixin.py:188} INFO - [2024-06-18T14:30:26.321+0000] {dag.py:3047} INFO - Sync 1 DAGs
[2024-06-18T14:30:26.431+0000] {logging_mixin.py:188} INFO - [2024-06-18T14:30:26.430+0000] {dag.py:3834} INFO - Setting next_dagrun for sentiment_analysis to 2024-06-17 00:00:00+00:00, run_after=2024-06-18 00:00:00+00:00
[2024-06-18T14:30:26.489+0000] {processor.py:183} INFO - Processing /opt/airflow/dags/dag_sentiment_analysis.py took 8.904 seconds
[2024-06-18T14:30:58.826+0000] {processor.py:161} INFO - Started process (PID=265) to work on /opt/airflow/dags/dag_sentiment_analysis.py
[2024-06-18T14:30:58.867+0000] {processor.py:830} INFO - Processing file /opt/airflow/dags/dag_sentiment_analysis.py for tasks to queue
[2024-06-18T14:30:58.903+0000] {logging_mixin.py:188} INFO - [2024-06-18T14:30:58.884+0000] {dagbag.py:540} INFO - Filling up the DagBag from /opt/airflow/dags/dag_sentiment_analysis.py
[2024-06-18T14:31:08.671+0000] {processor.py:840} INFO - DAG(s) 'sentiment_analysis' retrieved from /opt/airflow/dags/dag_sentiment_analysis.py
[2024-06-18T14:31:09.447+0000] {logging_mixin.py:188} INFO - [2024-06-18T14:31:09.427+0000] {dag.py:3047} INFO - Sync 1 DAGs
[2024-06-18T14:31:09.712+0000] {logging_mixin.py:188} INFO - [2024-06-18T14:31:09.710+0000] {dag.py:3834} INFO - Setting next_dagrun for sentiment_analysis to 2024-06-17 00:00:00+00:00, run_after=2024-06-18 00:00:00+00:00
[2024-06-18T14:31:09.939+0000] {processor.py:183} INFO - Processing /opt/airflow/dags/dag_sentiment_analysis.py took 11.241 seconds
[2024-06-18T14:31:36.654+0000] {processor.py:161} INFO - Started process (PID=271) to work on /opt/airflow/dags/dag_sentiment_analysis.py
[2024-06-18T14:31:36.720+0000] {processor.py:830} INFO - Processing file /opt/airflow/dags/dag_sentiment_analysis.py for tasks to queue
[2024-06-18T14:31:36.734+0000] {logging_mixin.py:188} INFO - [2024-06-18T14:31:36.727+0000] {dagbag.py:540} INFO - Filling up the DagBag from /opt/airflow/dags/dag_sentiment_analysis.py
[2024-06-18T14:31:42.445+0000] {processor.py:840} INFO - DAG(s) 'dag_sentiment_analysis' retrieved from /opt/airflow/dags/dag_sentiment_analysis.py
[2024-06-18T14:31:43.042+0000] {logging_mixin.py:188} INFO - [2024-06-18T14:31:43.037+0000] {override.py:1769} INFO - Created Permission View: can edit on DAG:dag_sentiment_analysis
[2024-06-18T14:31:43.068+0000] {logging_mixin.py:188} INFO - [2024-06-18T14:31:43.067+0000] {override.py:1769} INFO - Created Permission View: can delete on DAG:dag_sentiment_analysis
[2024-06-18T14:31:43.101+0000] {logging_mixin.py:188} INFO - [2024-06-18T14:31:43.099+0000] {override.py:1769} INFO - Created Permission View: can read on DAG:dag_sentiment_analysis
[2024-06-18T14:31:43.106+0000] {logging_mixin.py:188} INFO - [2024-06-18T14:31:43.105+0000] {dag.py:3047} INFO - Sync 1 DAGs
[2024-06-18T14:31:43.144+0000] {logging_mixin.py:188} INFO - [2024-06-18T14:31:43.142+0000] {dag.py:3069} INFO - Creating ORM DAG for dag_sentiment_analysis
[2024-06-18T14:31:43.173+0000] {logging_mixin.py:188} INFO - [2024-06-18T14:31:43.172+0000] {dag.py:3834} INFO - Setting next_dagrun for dag_sentiment_analysis to 2024-06-17 00:00:00+00:00, run_after=2024-06-18 00:00:00+00:00
[2024-06-18T14:31:43.235+0000] {processor.py:183} INFO - Processing /opt/airflow/dags/dag_sentiment_analysis.py took 6.668 seconds
[2024-06-18T14:31:47.954+0000] {processor.py:161} INFO - Started process (PID=277) to work on /opt/airflow/dags/dag_sentiment_analysis.py
[2024-06-18T14:31:47.969+0000] {processor.py:830} INFO - Processing file /opt/airflow/dags/dag_sentiment_analysis.py for tasks to queue
[2024-06-18T14:31:47.976+0000] {logging_mixin.py:188} INFO - [2024-06-18T14:31:47.972+0000] {dagbag.py:540} INFO - Filling up the DagBag from /opt/airflow/dags/dag_sentiment_analysis.py
[2024-06-18T14:31:53.895+0000] {processor.py:840} INFO - DAG(s) 'dag_sentiment_analysis' retrieved from /opt/airflow/dags/dag_sentiment_analysis.py
[2024-06-18T14:31:54.220+0000] {logging_mixin.py:188} INFO - [2024-06-18T14:31:54.215+0000] {dag.py:3047} INFO - Sync 1 DAGs
[2024-06-18T14:31:54.464+0000] {logging_mixin.py:188} INFO - [2024-06-18T14:31:54.464+0000] {dag.py:3834} INFO - Setting next_dagrun for dag_sentiment_analysis to 2024-06-17 00:00:00+00:00, run_after=2024-06-18 00:00:00+00:00
[2024-06-18T14:31:54.598+0000] {processor.py:183} INFO - Processing /opt/airflow/dags/dag_sentiment_analysis.py took 6.639 seconds
[2024-06-18T14:32:25.157+0000] {processor.py:161} INFO - Started process (PID=283) to work on /opt/airflow/dags/dag_sentiment_analysis.py
[2024-06-18T14:32:25.164+0000] {processor.py:830} INFO - Processing file /opt/airflow/dags/dag_sentiment_analysis.py for tasks to queue
[2024-06-18T14:32:25.175+0000] {logging_mixin.py:188} INFO - [2024-06-18T14:32:25.170+0000] {dagbag.py:540} INFO - Filling up the DagBag from /opt/airflow/dags/dag_sentiment_analysis.py
[2024-06-18T14:32:41.615+0000] {processor.py:840} INFO - DAG(s) 'dag_sentiment_analysis' retrieved from /opt/airflow/dags/dag_sentiment_analysis.py
[2024-06-18T14:32:42.163+0000] {logging_mixin.py:188} INFO - [2024-06-18T14:32:42.160+0000] {dag.py:3047} INFO - Sync 1 DAGs
[2024-06-18T14:32:42.265+0000] {logging_mixin.py:188} INFO - [2024-06-18T14:32:42.264+0000] {dag.py:3834} INFO - Setting next_dagrun for dag_sentiment_analysis to 2024-06-17 00:00:00+00:00, run_after=2024-06-18 00:00:00+00:00
[2024-06-18T14:32:42.356+0000] {processor.py:183} INFO - Processing /opt/airflow/dags/dag_sentiment_analysis.py took 17.301 seconds
[2024-06-18T14:33:16.588+0000] {processor.py:161} INFO - Started process (PID=289) to work on /opt/airflow/dags/dag_sentiment_analysis.py
[2024-06-18T14:33:16.608+0000] {processor.py:830} INFO - Processing file /opt/airflow/dags/dag_sentiment_analysis.py for tasks to queue
[2024-06-18T14:33:16.669+0000] {logging_mixin.py:188} INFO - [2024-06-18T14:33:16.639+0000] {dagbag.py:540} INFO - Filling up the DagBag from /opt/airflow/dags/dag_sentiment_analysis.py
[2024-06-18T14:33:27.372+0000] {processor.py:840} INFO - DAG(s) 'dag_sentiment_analysis' retrieved from /opt/airflow/dags/dag_sentiment_analysis.py
[2024-06-18T14:33:27.841+0000] {logging_mixin.py:188} INFO - [2024-06-18T14:33:27.832+0000] {dag.py:3047} INFO - Sync 1 DAGs
[2024-06-18T14:33:27.970+0000] {logging_mixin.py:188} INFO - [2024-06-18T14:33:27.969+0000] {dag.py:3834} INFO - Setting next_dagrun for dag_sentiment_analysis to 2024-06-17 00:00:00+00:00, run_after=2024-06-18 00:00:00+00:00
[2024-06-18T14:33:28.108+0000] {processor.py:183} INFO - Processing /opt/airflow/dags/dag_sentiment_analysis.py took 11.691 seconds
[2024-06-18T14:33:59.396+0000] {processor.py:161} INFO - Started process (PID=300) to work on /opt/airflow/dags/dag_sentiment_analysis.py
[2024-06-18T14:33:59.411+0000] {processor.py:830} INFO - Processing file /opt/airflow/dags/dag_sentiment_analysis.py for tasks to queue
[2024-06-18T14:33:59.431+0000] {logging_mixin.py:188} INFO - [2024-06-18T14:33:59.419+0000] {dagbag.py:540} INFO - Filling up the DagBag from /opt/airflow/dags/dag_sentiment_analysis.py
[2024-06-18T14:34:08.510+0000] {processor.py:840} INFO - DAG(s) 'dag_sentiment_analysis' retrieved from /opt/airflow/dags/dag_sentiment_analysis.py
[2024-06-18T14:34:08.516+0000] {logging_mixin.py:188} INFO - [2024-06-18T14:34:08.514+0000] {dagbag.py:540} INFO - Filling up the DagBag from /opt/airflow/dags/dag_sentiment_analysis.py
[2024-06-18T14:34:08.593+0000] {logging_mixin.py:188} INFO - [2024-06-18T14:34:08.593+0000] {processor.py:431} INFO - Running SLA Checks for dag_sentiment_analysis
[2024-06-18T14:34:08.744+0000] {logging_mixin.py:188} INFO - [2024-06-18T14:34:08.743+0000] {dag.py:3047} INFO - Sync 1 DAGs
[2024-06-18T14:34:08.803+0000] {logging_mixin.py:188} INFO - [2024-06-18T14:34:08.802+0000] {dag.py:3834} INFO - Setting next_dagrun for dag_sentiment_analysis to 2024-06-18 00:00:00+00:00, run_after=2024-06-19 00:00:00+00:00
[2024-06-18T14:34:08.853+0000] {processor.py:183} INFO - Processing /opt/airflow/dags/dag_sentiment_analysis.py took 9.539 seconds
[2024-06-18T14:34:40.818+0000] {processor.py:161} INFO - Started process (PID=316) to work on /opt/airflow/dags/dag_sentiment_analysis.py
[2024-06-18T14:34:40.848+0000] {processor.py:830} INFO - Processing file /opt/airflow/dags/dag_sentiment_analysis.py for tasks to queue
[2024-06-18T14:34:40.919+0000] {logging_mixin.py:188} INFO - [2024-06-18T14:34:40.891+0000] {dagbag.py:540} INFO - Filling up the DagBag from /opt/airflow/dags/dag_sentiment_analysis.py
[2024-06-18T14:34:46.885+0000] {processor.py:840} INFO - DAG(s) 'dag_sentiment_analysis' retrieved from /opt/airflow/dags/dag_sentiment_analysis.py
[2024-06-18T14:34:46.890+0000] {logging_mixin.py:188} INFO - [2024-06-18T14:34:46.889+0000] {dagbag.py:540} INFO - Filling up the DagBag from /opt/airflow/dags/dag_sentiment_analysis.py
[2024-06-18T14:34:46.986+0000] {logging_mixin.py:188} INFO - [2024-06-18T14:34:46.986+0000] {processor.py:431} INFO - Running SLA Checks for dag_sentiment_analysis
[2024-06-18T14:34:47.067+0000] {logging_mixin.py:188} INFO - [2024-06-18T14:34:47.066+0000] {dag.py:3047} INFO - Sync 1 DAGs
[2024-06-18T14:34:47.090+0000] {logging_mixin.py:188} INFO - [2024-06-18T14:34:47.089+0000] {dag.py:3834} INFO - Setting next_dagrun for dag_sentiment_analysis to 2024-06-18 00:00:00+00:00, run_after=2024-06-19 00:00:00+00:00
[2024-06-18T14:34:47.139+0000] {processor.py:183} INFO - Processing /opt/airflow/dags/dag_sentiment_analysis.py took 6.519 seconds
[2024-06-18T14:35:18.066+0000] {processor.py:161} INFO - Started process (PID=322) to work on /opt/airflow/dags/dag_sentiment_analysis.py
[2024-06-18T14:35:18.077+0000] {processor.py:830} INFO - Processing file /opt/airflow/dags/dag_sentiment_analysis.py for tasks to queue
[2024-06-18T14:35:18.093+0000] {logging_mixin.py:188} INFO - [2024-06-18T14:35:18.086+0000] {dagbag.py:540} INFO - Filling up the DagBag from /opt/airflow/dags/dag_sentiment_analysis.py
[2024-06-18T14:35:22.762+0000] {processor.py:840} INFO - DAG(s) 'dag_sentiment_analysis' retrieved from /opt/airflow/dags/dag_sentiment_analysis.py
[2024-06-18T14:35:22.770+0000] {logging_mixin.py:188} INFO - [2024-06-18T14:35:22.769+0000] {dagbag.py:540} INFO - Filling up the DagBag from /opt/airflow/dags/dag_sentiment_analysis.py
[2024-06-18T14:35:22.895+0000] {logging_mixin.py:188} INFO - [2024-06-18T14:35:22.895+0000] {processor.py:431} INFO - Running SLA Checks for dag_sentiment_analysis
[2024-06-18T14:35:23.078+0000] {logging_mixin.py:188} INFO - [2024-06-18T14:35:23.077+0000] {dag.py:3047} INFO - Sync 1 DAGs
[2024-06-18T14:35:23.137+0000] {logging_mixin.py:188} INFO - [2024-06-18T14:35:23.136+0000] {dag.py:3834} INFO - Setting next_dagrun for dag_sentiment_analysis to 2024-06-18 00:00:00+00:00, run_after=2024-06-19 00:00:00+00:00
[2024-06-18T14:35:23.199+0000] {processor.py:183} INFO - Processing /opt/airflow/dags/dag_sentiment_analysis.py took 5.179 seconds
[2024-06-18T14:35:54.485+0000] {processor.py:161} INFO - Started process (PID=328) to work on /opt/airflow/dags/dag_sentiment_analysis.py
[2024-06-18T14:35:54.490+0000] {processor.py:830} INFO - Processing file /opt/airflow/dags/dag_sentiment_analysis.py for tasks to queue
[2024-06-18T14:35:54.523+0000] {logging_mixin.py:188} INFO - [2024-06-18T14:35:54.497+0000] {dagbag.py:540} INFO - Filling up the DagBag from /opt/airflow/dags/dag_sentiment_analysis.py
[2024-06-18T14:35:58.773+0000] {processor.py:840} INFO - DAG(s) 'dag_sentiment_analysis' retrieved from /opt/airflow/dags/dag_sentiment_analysis.py
[2024-06-18T14:35:58.775+0000] {logging_mixin.py:188} INFO - [2024-06-18T14:35:58.774+0000] {dagbag.py:540} INFO - Filling up the DagBag from /opt/airflow/dags/dag_sentiment_analysis.py
[2024-06-18T14:35:58.828+0000] {logging_mixin.py:188} INFO - [2024-06-18T14:35:58.827+0000] {processor.py:431} INFO - Running SLA Checks for dag_sentiment_analysis
[2024-06-18T14:35:58.884+0000] {logging_mixin.py:188} INFO - [2024-06-18T14:35:58.883+0000] {dag.py:3047} INFO - Sync 1 DAGs
[2024-06-18T14:35:58.929+0000] {logging_mixin.py:188} INFO - [2024-06-18T14:35:58.928+0000] {dag.py:3834} INFO - Setting next_dagrun for dag_sentiment_analysis to 2024-06-18 00:00:00+00:00, run_after=2024-06-19 00:00:00+00:00
[2024-06-18T14:35:58.949+0000] {processor.py:183} INFO - Processing /opt/airflow/dags/dag_sentiment_analysis.py took 4.488 seconds
[2024-06-18T14:36:30.775+0000] {processor.py:161} INFO - Started process (PID=334) to work on /opt/airflow/dags/dag_sentiment_analysis.py
[2024-06-18T14:36:30.816+0000] {processor.py:830} INFO - Processing file /opt/airflow/dags/dag_sentiment_analysis.py for tasks to queue
[2024-06-18T14:36:30.829+0000] {logging_mixin.py:188} INFO - [2024-06-18T14:36:30.821+0000] {dagbag.py:540} INFO - Filling up the DagBag from /opt/airflow/dags/dag_sentiment_analysis.py
[2024-06-18T14:36:35.999+0000] {processor.py:840} INFO - DAG(s) 'dag_sentiment_analysis' retrieved from /opt/airflow/dags/dag_sentiment_analysis.py
[2024-06-18T14:36:36.010+0000] {logging_mixin.py:188} INFO - [2024-06-18T14:36:36.006+0000] {dagbag.py:540} INFO - Filling up the DagBag from /opt/airflow/dags/dag_sentiment_analysis.py
[2024-06-18T14:36:36.130+0000] {logging_mixin.py:188} INFO - [2024-06-18T14:36:36.130+0000] {processor.py:431} INFO - Running SLA Checks for dag_sentiment_analysis
[2024-06-18T14:36:36.271+0000] {logging_mixin.py:188} INFO - [2024-06-18T14:36:36.270+0000] {dag.py:3047} INFO - Sync 1 DAGs
[2024-06-18T14:36:36.293+0000] {logging_mixin.py:188} INFO - [2024-06-18T14:36:36.293+0000] {dag.py:3834} INFO - Setting next_dagrun for dag_sentiment_analysis to 2024-06-18 00:00:00+00:00, run_after=2024-06-19 00:00:00+00:00
[2024-06-18T14:36:36.316+0000] {processor.py:183} INFO - Processing /opt/airflow/dags/dag_sentiment_analysis.py took 5.606 seconds
[2024-06-18T14:37:06.951+0000] {processor.py:161} INFO - Started process (PID=343) to work on /opt/airflow/dags/dag_sentiment_analysis.py
[2024-06-18T14:37:07.008+0000] {processor.py:830} INFO - Processing file /opt/airflow/dags/dag_sentiment_analysis.py for tasks to queue
[2024-06-18T14:37:07.015+0000] {logging_mixin.py:188} INFO - [2024-06-18T14:37:07.011+0000] {dagbag.py:540} INFO - Filling up the DagBag from /opt/airflow/dags/dag_sentiment_analysis.py
[2024-06-18T14:37:11.598+0000] {processor.py:840} INFO - DAG(s) 'dag_sentiment_analysis' retrieved from /opt/airflow/dags/dag_sentiment_analysis.py
[2024-06-18T14:37:11.600+0000] {logging_mixin.py:188} INFO - [2024-06-18T14:37:11.599+0000] {dagbag.py:540} INFO - Filling up the DagBag from /opt/airflow/dags/dag_sentiment_analysis.py
[2024-06-18T14:37:11.733+0000] {logging_mixin.py:188} INFO - [2024-06-18T14:37:11.732+0000] {processor.py:431} INFO - Running SLA Checks for dag_sentiment_analysis
[2024-06-18T14:37:11.879+0000] {logging_mixin.py:188} INFO - [2024-06-18T14:37:11.878+0000] {dag.py:3047} INFO - Sync 1 DAGs
[2024-06-18T14:37:11.909+0000] {logging_mixin.py:188} INFO - [2024-06-18T14:37:11.908+0000] {dag.py:3834} INFO - Setting next_dagrun for dag_sentiment_analysis to 2024-06-18 00:00:00+00:00, run_after=2024-06-19 00:00:00+00:00
[2024-06-18T14:37:11.934+0000] {processor.py:183} INFO - Processing /opt/airflow/dags/dag_sentiment_analysis.py took 5.014 seconds
[2024-06-18T14:37:42.888+0000] {processor.py:161} INFO - Started process (PID=349) to work on /opt/airflow/dags/dag_sentiment_analysis.py
[2024-06-18T14:37:42.892+0000] {processor.py:830} INFO - Processing file /opt/airflow/dags/dag_sentiment_analysis.py for tasks to queue
[2024-06-18T14:37:42.897+0000] {logging_mixin.py:188} INFO - [2024-06-18T14:37:42.893+0000] {dagbag.py:540} INFO - Filling up the DagBag from /opt/airflow/dags/dag_sentiment_analysis.py
[2024-06-18T14:37:46.701+0000] {processor.py:840} INFO - DAG(s) 'dag_sentiment_analysis' retrieved from /opt/airflow/dags/dag_sentiment_analysis.py
[2024-06-18T14:37:46.703+0000] {logging_mixin.py:188} INFO - [2024-06-18T14:37:46.702+0000] {dagbag.py:540} INFO - Filling up the DagBag from /opt/airflow/dags/dag_sentiment_analysis.py
[2024-06-18T14:37:46.780+0000] {logging_mixin.py:188} INFO - [2024-06-18T14:37:46.780+0000] {processor.py:431} INFO - Running SLA Checks for dag_sentiment_analysis
[2024-06-18T14:37:46.852+0000] {logging_mixin.py:188} INFO - [2024-06-18T14:37:46.851+0000] {dag.py:3047} INFO - Sync 1 DAGs
[2024-06-18T14:37:46.887+0000] {logging_mixin.py:188} INFO - [2024-06-18T14:37:46.887+0000] {dag.py:3834} INFO - Setting next_dagrun for dag_sentiment_analysis to 2024-06-18 00:00:00+00:00, run_after=2024-06-19 00:00:00+00:00
[2024-06-18T14:37:46.928+0000] {processor.py:183} INFO - Processing /opt/airflow/dags/dag_sentiment_analysis.py took 4.059 seconds
[2024-06-18T14:38:17.922+0000] {processor.py:161} INFO - Started process (PID=355) to work on /opt/airflow/dags/dag_sentiment_analysis.py
[2024-06-18T14:38:17.926+0000] {processor.py:830} INFO - Processing file /opt/airflow/dags/dag_sentiment_analysis.py for tasks to queue
[2024-06-18T14:38:17.932+0000] {logging_mixin.py:188} INFO - [2024-06-18T14:38:17.929+0000] {dagbag.py:540} INFO - Filling up the DagBag from /opt/airflow/dags/dag_sentiment_analysis.py
[2024-06-18T14:38:21.398+0000] {processor.py:840} INFO - DAG(s) 'dag_sentiment_analysis' retrieved from /opt/airflow/dags/dag_sentiment_analysis.py
[2024-06-18T14:38:21.400+0000] {logging_mixin.py:188} INFO - [2024-06-18T14:38:21.400+0000] {dagbag.py:540} INFO - Filling up the DagBag from /opt/airflow/dags/dag_sentiment_analysis.py
[2024-06-18T14:38:21.471+0000] {logging_mixin.py:188} INFO - [2024-06-18T14:38:21.470+0000] {processor.py:431} INFO - Running SLA Checks for dag_sentiment_analysis
[2024-06-18T14:38:21.537+0000] {logging_mixin.py:188} INFO - [2024-06-18T14:38:21.537+0000] {dag.py:3047} INFO - Sync 1 DAGs
[2024-06-18T14:38:21.557+0000] {logging_mixin.py:188} INFO - [2024-06-18T14:38:21.557+0000] {dag.py:3834} INFO - Setting next_dagrun for dag_sentiment_analysis to 2024-06-18 00:00:00+00:00, run_after=2024-06-19 00:00:00+00:00
[2024-06-18T14:38:21.586+0000] {processor.py:183} INFO - Processing /opt/airflow/dags/dag_sentiment_analysis.py took 3.700 seconds
[2024-06-18T14:38:52.418+0000] {processor.py:161} INFO - Started process (PID=361) to work on /opt/airflow/dags/dag_sentiment_analysis.py
[2024-06-18T14:38:52.428+0000] {processor.py:830} INFO - Processing file /opt/airflow/dags/dag_sentiment_analysis.py for tasks to queue
[2024-06-18T14:38:52.432+0000] {logging_mixin.py:188} INFO - [2024-06-18T14:38:52.430+0000] {dagbag.py:540} INFO - Filling up the DagBag from /opt/airflow/dags/dag_sentiment_analysis.py
[2024-06-18T14:38:54.496+0000] {processor.py:840} INFO - DAG(s) 'dag_sentiment_analysis' retrieved from /opt/airflow/dags/dag_sentiment_analysis.py
[2024-06-18T14:38:54.498+0000] {logging_mixin.py:188} INFO - [2024-06-18T14:38:54.497+0000] {dagbag.py:540} INFO - Filling up the DagBag from /opt/airflow/dags/dag_sentiment_analysis.py
[2024-06-18T14:38:54.559+0000] {logging_mixin.py:188} INFO - [2024-06-18T14:38:54.559+0000] {processor.py:431} INFO - Running SLA Checks for dag_sentiment_analysis
[2024-06-18T14:38:54.612+0000] {logging_mixin.py:188} INFO - [2024-06-18T14:38:54.612+0000] {dag.py:3047} INFO - Sync 1 DAGs
[2024-06-18T14:38:54.635+0000] {logging_mixin.py:188} INFO - [2024-06-18T14:38:54.634+0000] {dag.py:3834} INFO - Setting next_dagrun for dag_sentiment_analysis to 2024-06-18 00:00:00+00:00, run_after=2024-06-19 00:00:00+00:00
[2024-06-18T14:38:54.656+0000] {processor.py:183} INFO - Processing /opt/airflow/dags/dag_sentiment_analysis.py took 2.262 seconds
[2024-06-18T14:39:25.627+0000] {processor.py:161} INFO - Started process (PID=367) to work on /opt/airflow/dags/dag_sentiment_analysis.py
[2024-06-18T14:39:25.634+0000] {processor.py:830} INFO - Processing file /opt/airflow/dags/dag_sentiment_analysis.py for tasks to queue
[2024-06-18T14:39:25.645+0000] {logging_mixin.py:188} INFO - [2024-06-18T14:39:25.639+0000] {dagbag.py:540} INFO - Filling up the DagBag from /opt/airflow/dags/dag_sentiment_analysis.py
[2024-06-18T14:39:28.432+0000] {processor.py:840} INFO - DAG(s) 'dag_sentiment_analysis' retrieved from /opt/airflow/dags/dag_sentiment_analysis.py
[2024-06-18T14:39:28.433+0000] {logging_mixin.py:188} INFO - [2024-06-18T14:39:28.433+0000] {dagbag.py:540} INFO - Filling up the DagBag from /opt/airflow/dags/dag_sentiment_analysis.py
[2024-06-18T14:39:28.523+0000] {logging_mixin.py:188} INFO - [2024-06-18T14:39:28.522+0000] {processor.py:431} INFO - Running SLA Checks for dag_sentiment_analysis
[2024-06-18T14:39:28.623+0000] {logging_mixin.py:188} INFO - [2024-06-18T14:39:28.622+0000] {dag.py:3047} INFO - Sync 1 DAGs
[2024-06-18T14:39:28.671+0000] {logging_mixin.py:188} INFO - [2024-06-18T14:39:28.671+0000] {dag.py:3834} INFO - Setting next_dagrun for dag_sentiment_analysis to 2024-06-18 00:00:00+00:00, run_after=2024-06-19 00:00:00+00:00
[2024-06-18T14:39:28.694+0000] {processor.py:183} INFO - Processing /opt/airflow/dags/dag_sentiment_analysis.py took 3.104 seconds
[2024-06-18T14:39:58.898+0000] {processor.py:161} INFO - Started process (PID=373) to work on /opt/airflow/dags/dag_sentiment_analysis.py
[2024-06-18T14:39:58.904+0000] {processor.py:830} INFO - Processing file /opt/airflow/dags/dag_sentiment_analysis.py for tasks to queue
[2024-06-18T14:39:58.908+0000] {logging_mixin.py:188} INFO - [2024-06-18T14:39:58.907+0000] {dagbag.py:540} INFO - Filling up the DagBag from /opt/airflow/dags/dag_sentiment_analysis.py
[2024-06-18T14:40:01.016+0000] {processor.py:840} INFO - DAG(s) 'dag_sentiment_analysis' retrieved from /opt/airflow/dags/dag_sentiment_analysis.py
[2024-06-18T14:40:01.018+0000] {logging_mixin.py:188} INFO - [2024-06-18T14:40:01.017+0000] {dagbag.py:540} INFO - Filling up the DagBag from /opt/airflow/dags/dag_sentiment_analysis.py
[2024-06-18T14:40:01.093+0000] {logging_mixin.py:188} INFO - [2024-06-18T14:40:01.092+0000] {processor.py:431} INFO - Running SLA Checks for dag_sentiment_analysis
[2024-06-18T14:40:01.167+0000] {logging_mixin.py:188} INFO - [2024-06-18T14:40:01.166+0000] {dag.py:3047} INFO - Sync 1 DAGs
[2024-06-18T14:40:01.191+0000] {logging_mixin.py:188} INFO - [2024-06-18T14:40:01.191+0000] {dag.py:3834} INFO - Setting next_dagrun for dag_sentiment_analysis to 2024-06-18 00:00:00+00:00, run_after=2024-06-19 00:00:00+00:00
[2024-06-18T14:40:01.212+0000] {processor.py:183} INFO - Processing /opt/airflow/dags/dag_sentiment_analysis.py took 2.351 seconds
[2024-06-18T14:40:32.010+0000] {processor.py:161} INFO - Started process (PID=379) to work on /opt/airflow/dags/dag_sentiment_analysis.py
[2024-06-18T14:40:32.026+0000] {processor.py:830} INFO - Processing file /opt/airflow/dags/dag_sentiment_analysis.py for tasks to queue
[2024-06-18T14:40:32.031+0000] {logging_mixin.py:188} INFO - [2024-06-18T14:40:32.029+0000] {dagbag.py:540} INFO - Filling up the DagBag from /opt/airflow/dags/dag_sentiment_analysis.py
[2024-06-18T14:40:34.470+0000] {processor.py:840} INFO - DAG(s) 'dag_sentiment_analysis' retrieved from /opt/airflow/dags/dag_sentiment_analysis.py
[2024-06-18T14:40:34.472+0000] {logging_mixin.py:188} INFO - [2024-06-18T14:40:34.471+0000] {dagbag.py:540} INFO - Filling up the DagBag from /opt/airflow/dags/dag_sentiment_analysis.py
[2024-06-18T14:40:34.551+0000] {logging_mixin.py:188} INFO - [2024-06-18T14:40:34.551+0000] {processor.py:431} INFO - Running SLA Checks for dag_sentiment_analysis
[2024-06-18T14:40:34.619+0000] {logging_mixin.py:188} INFO - [2024-06-18T14:40:34.619+0000] {dag.py:3047} INFO - Sync 1 DAGs
[2024-06-18T14:40:34.641+0000] {logging_mixin.py:188} INFO - [2024-06-18T14:40:34.641+0000] {dag.py:3834} INFO - Setting next_dagrun for dag_sentiment_analysis to 2024-06-18 00:00:00+00:00, run_after=2024-06-19 00:00:00+00:00
[2024-06-18T14:40:34.679+0000] {processor.py:183} INFO - Processing /opt/airflow/dags/dag_sentiment_analysis.py took 2.699 seconds
[2024-06-18T14:41:05.038+0000] {processor.py:161} INFO - Started process (PID=385) to work on /opt/airflow/dags/dag_sentiment_analysis.py
[2024-06-18T14:41:05.043+0000] {processor.py:830} INFO - Processing file /opt/airflow/dags/dag_sentiment_analysis.py for tasks to queue
[2024-06-18T14:41:05.049+0000] {logging_mixin.py:188} INFO - [2024-06-18T14:41:05.047+0000] {dagbag.py:540} INFO - Filling up the DagBag from /opt/airflow/dags/dag_sentiment_analysis.py
[2024-06-18T14:41:06.394+0000] {processor.py:840} INFO - DAG(s) 'dag_sentiment_analysis' retrieved from /opt/airflow/dags/dag_sentiment_analysis.py
[2024-06-18T14:41:06.395+0000] {logging_mixin.py:188} INFO - [2024-06-18T14:41:06.395+0000] {dagbag.py:540} INFO - Filling up the DagBag from /opt/airflow/dags/dag_sentiment_analysis.py
[2024-06-18T14:41:06.426+0000] {logging_mixin.py:188} INFO - [2024-06-18T14:41:06.425+0000] {processor.py:431} INFO - Running SLA Checks for dag_sentiment_analysis
[2024-06-18T14:41:06.464+0000] {logging_mixin.py:188} INFO - [2024-06-18T14:41:06.464+0000] {dag.py:3047} INFO - Sync 1 DAGs
[2024-06-18T14:41:06.476+0000] {logging_mixin.py:188} INFO - [2024-06-18T14:41:06.476+0000] {dag.py:3834} INFO - Setting next_dagrun for dag_sentiment_analysis to 2024-06-18 00:00:00+00:00, run_after=2024-06-19 00:00:00+00:00
[2024-06-18T14:41:06.486+0000] {processor.py:183} INFO - Processing /opt/airflow/dags/dag_sentiment_analysis.py took 1.472 seconds
[2024-06-18T14:41:36.586+0000] {processor.py:161} INFO - Started process (PID=391) to work on /opt/airflow/dags/dag_sentiment_analysis.py
[2024-06-18T14:41:36.592+0000] {processor.py:830} INFO - Processing file /opt/airflow/dags/dag_sentiment_analysis.py for tasks to queue
[2024-06-18T14:41:36.594+0000] {logging_mixin.py:188} INFO - [2024-06-18T14:41:36.594+0000] {dagbag.py:540} INFO - Filling up the DagBag from /opt/airflow/dags/dag_sentiment_analysis.py
[2024-06-18T14:41:37.310+0000] {processor.py:840} INFO - DAG(s) 'dag_sentiment_analysis' retrieved from /opt/airflow/dags/dag_sentiment_analysis.py
[2024-06-18T14:41:37.311+0000] {logging_mixin.py:188} INFO - [2024-06-18T14:41:37.311+0000] {dagbag.py:540} INFO - Filling up the DagBag from /opt/airflow/dags/dag_sentiment_analysis.py
[2024-06-18T14:41:37.335+0000] {logging_mixin.py:188} INFO - [2024-06-18T14:41:37.335+0000] {processor.py:431} INFO - Running SLA Checks for dag_sentiment_analysis
[2024-06-18T14:41:37.371+0000] {logging_mixin.py:188} INFO - [2024-06-18T14:41:37.371+0000] {dag.py:3047} INFO - Sync 1 DAGs
[2024-06-18T14:41:37.382+0000] {logging_mixin.py:188} INFO - [2024-06-18T14:41:37.382+0000] {dag.py:3834} INFO - Setting next_dagrun for dag_sentiment_analysis to 2024-06-18 00:00:00+00:00, run_after=2024-06-19 00:00:00+00:00
[2024-06-18T14:41:37.393+0000] {processor.py:183} INFO - Processing /opt/airflow/dags/dag_sentiment_analysis.py took 0.820 seconds
[2024-06-18T14:42:07.721+0000] {processor.py:161} INFO - Started process (PID=400) to work on /opt/airflow/dags/dag_sentiment_analysis.py
[2024-06-18T14:42:07.723+0000] {processor.py:830} INFO - Processing file /opt/airflow/dags/dag_sentiment_analysis.py for tasks to queue
[2024-06-18T14:42:07.724+0000] {logging_mixin.py:188} INFO - [2024-06-18T14:42:07.724+0000] {dagbag.py:540} INFO - Filling up the DagBag from /opt/airflow/dags/dag_sentiment_analysis.py
[2024-06-18T14:42:08.395+0000] {processor.py:840} INFO - DAG(s) 'dag_sentiment_analysis' retrieved from /opt/airflow/dags/dag_sentiment_analysis.py
[2024-06-18T14:42:08.396+0000] {logging_mixin.py:188} INFO - [2024-06-18T14:42:08.395+0000] {dagbag.py:540} INFO - Filling up the DagBag from /opt/airflow/dags/dag_sentiment_analysis.py
[2024-06-18T14:42:08.413+0000] {logging_mixin.py:188} INFO - [2024-06-18T14:42:08.413+0000] {processor.py:431} INFO - Running SLA Checks for dag_sentiment_analysis
[2024-06-18T14:42:08.437+0000] {logging_mixin.py:188} INFO - [2024-06-18T14:42:08.436+0000] {dag.py:3047} INFO - Sync 1 DAGs
[2024-06-18T14:42:08.448+0000] {logging_mixin.py:188} INFO - [2024-06-18T14:42:08.448+0000] {dag.py:3834} INFO - Setting next_dagrun for dag_sentiment_analysis to 2024-06-18 00:00:00+00:00, run_after=2024-06-19 00:00:00+00:00
[2024-06-18T14:42:08.473+0000] {processor.py:183} INFO - Processing /opt/airflow/dags/dag_sentiment_analysis.py took 0.756 seconds
[2024-06-18T14:42:39.299+0000] {processor.py:161} INFO - Started process (PID=409) to work on /opt/airflow/dags/dag_sentiment_analysis.py
[2024-06-18T14:42:39.300+0000] {processor.py:830} INFO - Processing file /opt/airflow/dags/dag_sentiment_analysis.py for tasks to queue
[2024-06-18T14:42:39.302+0000] {logging_mixin.py:188} INFO - [2024-06-18T14:42:39.301+0000] {dagbag.py:540} INFO - Filling up the DagBag from /opt/airflow/dags/dag_sentiment_analysis.py
[2024-06-18T14:42:40.644+0000] {processor.py:840} INFO - DAG(s) 'dag_sentiment_analysis' retrieved from /opt/airflow/dags/dag_sentiment_analysis.py
[2024-06-18T14:42:40.645+0000] {logging_mixin.py:188} INFO - [2024-06-18T14:42:40.644+0000] {dagbag.py:540} INFO - Filling up the DagBag from /opt/airflow/dags/dag_sentiment_analysis.py
[2024-06-18T14:42:40.684+0000] {logging_mixin.py:188} INFO - [2024-06-18T14:42:40.684+0000] {processor.py:431} INFO - Running SLA Checks for dag_sentiment_analysis
[2024-06-18T14:42:40.714+0000] {logging_mixin.py:188} INFO - [2024-06-18T14:42:40.714+0000] {dag.py:3047} INFO - Sync 1 DAGs
[2024-06-18T14:42:40.724+0000] {logging_mixin.py:188} INFO - [2024-06-18T14:42:40.724+0000] {dag.py:3834} INFO - Setting next_dagrun for dag_sentiment_analysis to 2024-06-18 00:00:00+00:00, run_after=2024-06-19 00:00:00+00:00
[2024-06-18T14:42:40.734+0000] {processor.py:183} INFO - Processing /opt/airflow/dags/dag_sentiment_analysis.py took 1.451 seconds
[2024-06-18T14:43:11.270+0000] {processor.py:161} INFO - Started process (PID=415) to work on /opt/airflow/dags/dag_sentiment_analysis.py
[2024-06-18T14:43:11.272+0000] {processor.py:830} INFO - Processing file /opt/airflow/dags/dag_sentiment_analysis.py for tasks to queue
[2024-06-18T14:43:11.274+0000] {logging_mixin.py:188} INFO - [2024-06-18T14:43:11.273+0000] {dagbag.py:540} INFO - Filling up the DagBag from /opt/airflow/dags/dag_sentiment_analysis.py
[2024-06-18T14:43:12.056+0000] {processor.py:840} INFO - DAG(s) 'dag_sentiment_analysis' retrieved from /opt/airflow/dags/dag_sentiment_analysis.py
[2024-06-18T14:43:12.057+0000] {logging_mixin.py:188} INFO - [2024-06-18T14:43:12.056+0000] {dagbag.py:540} INFO - Filling up the DagBag from /opt/airflow/dags/dag_sentiment_analysis.py
[2024-06-18T14:43:12.080+0000] {logging_mixin.py:188} INFO - [2024-06-18T14:43:12.080+0000] {processor.py:431} INFO - Running SLA Checks for dag_sentiment_analysis
[2024-06-18T14:43:12.113+0000] {logging_mixin.py:188} INFO - [2024-06-18T14:43:12.113+0000] {dag.py:3047} INFO - Sync 1 DAGs
[2024-06-18T14:43:12.123+0000] {logging_mixin.py:188} INFO - [2024-06-18T14:43:12.123+0000] {dag.py:3834} INFO - Setting next_dagrun for dag_sentiment_analysis to 2024-06-18 00:00:00+00:00, run_after=2024-06-19 00:00:00+00:00
[2024-06-18T14:43:12.135+0000] {processor.py:183} INFO - Processing /opt/airflow/dags/dag_sentiment_analysis.py took 0.871 seconds
[2024-06-18T14:43:42.895+0000] {processor.py:161} INFO - Started process (PID=421) to work on /opt/airflow/dags/dag_sentiment_analysis.py
[2024-06-18T14:43:42.900+0000] {processor.py:830} INFO - Processing file /opt/airflow/dags/dag_sentiment_analysis.py for tasks to queue
[2024-06-18T14:43:42.903+0000] {logging_mixin.py:188} INFO - [2024-06-18T14:43:42.902+0000] {dagbag.py:540} INFO - Filling up the DagBag from /opt/airflow/dags/dag_sentiment_analysis.py
[2024-06-18T14:43:43.539+0000] {processor.py:840} INFO - DAG(s) 'dag_sentiment_analysis' retrieved from /opt/airflow/dags/dag_sentiment_analysis.py
[2024-06-18T14:43:43.540+0000] {logging_mixin.py:188} INFO - [2024-06-18T14:43:43.539+0000] {dagbag.py:540} INFO - Filling up the DagBag from /opt/airflow/dags/dag_sentiment_analysis.py
[2024-06-18T14:43:43.566+0000] {logging_mixin.py:188} INFO - [2024-06-18T14:43:43.566+0000] {processor.py:431} INFO - Running SLA Checks for dag_sentiment_analysis
[2024-06-18T14:43:43.594+0000] {logging_mixin.py:188} INFO - [2024-06-18T14:43:43.593+0000] {dag.py:3047} INFO - Sync 1 DAGs
[2024-06-18T14:43:43.602+0000] {logging_mixin.py:188} INFO - [2024-06-18T14:43:43.602+0000] {dag.py:3834} INFO - Setting next_dagrun for dag_sentiment_analysis to 2024-06-18 00:00:00+00:00, run_after=2024-06-19 00:00:00+00:00
[2024-06-18T14:43:43.611+0000] {processor.py:183} INFO - Processing /opt/airflow/dags/dag_sentiment_analysis.py took 0.733 seconds
[2024-06-18T14:44:14.439+0000] {processor.py:161} INFO - Started process (PID=427) to work on /opt/airflow/dags/dag_sentiment_analysis.py
[2024-06-18T14:44:14.443+0000] {processor.py:830} INFO - Processing file /opt/airflow/dags/dag_sentiment_analysis.py for tasks to queue
[2024-06-18T14:44:14.448+0000] {logging_mixin.py:188} INFO - [2024-06-18T14:44:14.446+0000] {dagbag.py:540} INFO - Filling up the DagBag from /opt/airflow/dags/dag_sentiment_analysis.py
[2024-06-18T14:44:15.147+0000] {processor.py:840} INFO - DAG(s) 'dag_sentiment_analysis' retrieved from /opt/airflow/dags/dag_sentiment_analysis.py
[2024-06-18T14:44:15.148+0000] {logging_mixin.py:188} INFO - [2024-06-18T14:44:15.148+0000] {dagbag.py:540} INFO - Filling up the DagBag from /opt/airflow/dags/dag_sentiment_analysis.py
[2024-06-18T14:44:15.189+0000] {logging_mixin.py:188} INFO - [2024-06-18T14:44:15.188+0000] {processor.py:431} INFO - Running SLA Checks for dag_sentiment_analysis
[2024-06-18T14:44:15.212+0000] {logging_mixin.py:188} INFO - [2024-06-18T14:44:15.212+0000] {dag.py:3047} INFO - Sync 1 DAGs
[2024-06-18T14:44:15.220+0000] {logging_mixin.py:188} INFO - [2024-06-18T14:44:15.220+0000] {dag.py:3834} INFO - Setting next_dagrun for dag_sentiment_analysis to 2024-06-18 00:00:00+00:00, run_after=2024-06-19 00:00:00+00:00
[2024-06-18T14:44:15.231+0000] {processor.py:183} INFO - Processing /opt/airflow/dags/dag_sentiment_analysis.py took 0.809 seconds
[2024-06-18T14:44:45.723+0000] {processor.py:161} INFO - Started process (PID=433) to work on /opt/airflow/dags/dag_sentiment_analysis.py
[2024-06-18T14:44:45.727+0000] {processor.py:830} INFO - Processing file /opt/airflow/dags/dag_sentiment_analysis.py for tasks to queue
[2024-06-18T14:44:45.729+0000] {logging_mixin.py:188} INFO - [2024-06-18T14:44:45.728+0000] {dagbag.py:540} INFO - Filling up the DagBag from /opt/airflow/dags/dag_sentiment_analysis.py
[2024-06-18T14:44:47.338+0000] {processor.py:840} INFO - DAG(s) 'dag_sentiment_analysis' retrieved from /opt/airflow/dags/dag_sentiment_analysis.py
[2024-06-18T14:44:47.338+0000] {logging_mixin.py:188} INFO - [2024-06-18T14:44:47.338+0000] {dagbag.py:540} INFO - Filling up the DagBag from /opt/airflow/dags/dag_sentiment_analysis.py
[2024-06-18T14:44:47.361+0000] {logging_mixin.py:188} INFO - [2024-06-18T14:44:47.360+0000] {processor.py:431} INFO - Running SLA Checks for dag_sentiment_analysis
[2024-06-18T14:44:47.430+0000] {logging_mixin.py:188} INFO - [2024-06-18T14:44:47.429+0000] {dag.py:3047} INFO - Sync 1 DAGs
[2024-06-18T14:44:47.448+0000] {logging_mixin.py:188} INFO - [2024-06-18T14:44:47.448+0000] {dag.py:3834} INFO - Setting next_dagrun for dag_sentiment_analysis to 2024-06-18 00:00:00+00:00, run_after=2024-06-19 00:00:00+00:00
[2024-06-18T14:44:47.481+0000] {processor.py:183} INFO - Processing /opt/airflow/dags/dag_sentiment_analysis.py took 1.768 seconds
[2024-06-18T14:45:18.960+0000] {processor.py:161} INFO - Started process (PID=439) to work on /opt/airflow/dags/dag_sentiment_analysis.py
[2024-06-18T14:45:18.998+0000] {processor.py:830} INFO - Processing file /opt/airflow/dags/dag_sentiment_analysis.py for tasks to queue
[2024-06-18T14:45:19.058+0000] {logging_mixin.py:188} INFO - [2024-06-18T14:45:19.022+0000] {dagbag.py:540} INFO - Filling up the DagBag from /opt/airflow/dags/dag_sentiment_analysis.py
[2024-06-18T14:45:23.522+0000] {processor.py:840} INFO - DAG(s) 'dag_sentiment_analysis' retrieved from /opt/airflow/dags/dag_sentiment_analysis.py
[2024-06-18T14:45:23.524+0000] {logging_mixin.py:188} INFO - [2024-06-18T14:45:23.523+0000] {dagbag.py:540} INFO - Filling up the DagBag from /opt/airflow/dags/dag_sentiment_analysis.py
[2024-06-18T14:45:23.615+0000] {logging_mixin.py:188} INFO - [2024-06-18T14:45:23.614+0000] {processor.py:431} INFO - Running SLA Checks for dag_sentiment_analysis
[2024-06-18T14:45:23.726+0000] {logging_mixin.py:188} INFO - [2024-06-18T14:45:23.725+0000] {dag.py:3047} INFO - Sync 1 DAGs
[2024-06-18T14:45:23.745+0000] {logging_mixin.py:188} INFO - [2024-06-18T14:45:23.745+0000] {dag.py:3834} INFO - Setting next_dagrun for dag_sentiment_analysis to 2024-06-18 00:00:00+00:00, run_after=2024-06-19 00:00:00+00:00
[2024-06-18T14:45:23.780+0000] {processor.py:183} INFO - Processing /opt/airflow/dags/dag_sentiment_analysis.py took 4.984 seconds
[2024-06-18T14:45:54.384+0000] {processor.py:161} INFO - Started process (PID=445) to work on /opt/airflow/dags/dag_sentiment_analysis.py
[2024-06-18T14:45:54.391+0000] {processor.py:830} INFO - Processing file /opt/airflow/dags/dag_sentiment_analysis.py for tasks to queue
[2024-06-18T14:45:54.397+0000] {logging_mixin.py:188} INFO - [2024-06-18T14:45:54.395+0000] {dagbag.py:540} INFO - Filling up the DagBag from /opt/airflow/dags/dag_sentiment_analysis.py
[2024-06-18T14:45:57.415+0000] {processor.py:840} INFO - DAG(s) 'dag_sentiment_analysis' retrieved from /opt/airflow/dags/dag_sentiment_analysis.py
[2024-06-18T14:45:57.417+0000] {logging_mixin.py:188} INFO - [2024-06-18T14:45:57.416+0000] {dagbag.py:540} INFO - Filling up the DagBag from /opt/airflow/dags/dag_sentiment_analysis.py
[2024-06-18T14:45:57.454+0000] {logging_mixin.py:188} INFO - [2024-06-18T14:45:57.453+0000] {processor.py:431} INFO - Running SLA Checks for dag_sentiment_analysis
[2024-06-18T14:45:57.538+0000] {logging_mixin.py:188} INFO - [2024-06-18T14:45:57.537+0000] {dag.py:3047} INFO - Sync 1 DAGs
[2024-06-18T14:45:57.571+0000] {logging_mixin.py:188} INFO - [2024-06-18T14:45:57.571+0000] {dag.py:3834} INFO - Setting next_dagrun for dag_sentiment_analysis to 2024-06-18 00:00:00+00:00, run_after=2024-06-19 00:00:00+00:00
[2024-06-18T14:45:57.593+0000] {processor.py:183} INFO - Processing /opt/airflow/dags/dag_sentiment_analysis.py took 3.233 seconds
[2024-06-18T14:46:28.146+0000] {processor.py:161} INFO - Started process (PID=451) to work on /opt/airflow/dags/dag_sentiment_analysis.py
[2024-06-18T14:46:28.159+0000] {processor.py:830} INFO - Processing file /opt/airflow/dags/dag_sentiment_analysis.py for tasks to queue
[2024-06-18T14:46:28.193+0000] {logging_mixin.py:188} INFO - [2024-06-18T14:46:28.176+0000] {dagbag.py:540} INFO - Filling up the DagBag from /opt/airflow/dags/dag_sentiment_analysis.py
[2024-06-18T14:46:30.969+0000] {processor.py:840} INFO - DAG(s) 'dag_sentiment_analysis' retrieved from /opt/airflow/dags/dag_sentiment_analysis.py
[2024-06-18T14:46:30.971+0000] {logging_mixin.py:188} INFO - [2024-06-18T14:46:30.970+0000] {dagbag.py:540} INFO - Filling up the DagBag from /opt/airflow/dags/dag_sentiment_analysis.py
[2024-06-18T14:46:31.045+0000] {logging_mixin.py:188} INFO - [2024-06-18T14:46:31.045+0000] {processor.py:431} INFO - Running SLA Checks for dag_sentiment_analysis
[2024-06-18T14:46:31.131+0000] {logging_mixin.py:188} INFO - [2024-06-18T14:46:31.130+0000] {dag.py:3047} INFO - Sync 1 DAGs
[2024-06-18T14:46:31.164+0000] {logging_mixin.py:188} INFO - [2024-06-18T14:46:31.164+0000] {dag.py:3834} INFO - Setting next_dagrun for dag_sentiment_analysis to 2024-06-18 00:00:00+00:00, run_after=2024-06-19 00:00:00+00:00
[2024-06-18T14:46:31.187+0000] {processor.py:183} INFO - Processing /opt/airflow/dags/dag_sentiment_analysis.py took 3.070 seconds
[2024-06-18T14:47:01.892+0000] {processor.py:161} INFO - Started process (PID=457) to work on /opt/airflow/dags/dag_sentiment_analysis.py
[2024-06-18T14:47:01.902+0000] {processor.py:830} INFO - Processing file /opt/airflow/dags/dag_sentiment_analysis.py for tasks to queue
[2024-06-18T14:47:01.908+0000] {logging_mixin.py:188} INFO - [2024-06-18T14:47:01.905+0000] {dagbag.py:540} INFO - Filling up the DagBag from /opt/airflow/dags/dag_sentiment_analysis.py
[2024-06-18T14:47:05.457+0000] {processor.py:840} INFO - DAG(s) 'dag_sentiment_analysis' retrieved from /opt/airflow/dags/dag_sentiment_analysis.py
[2024-06-18T14:47:05.459+0000] {logging_mixin.py:188} INFO - [2024-06-18T14:47:05.458+0000] {dagbag.py:540} INFO - Filling up the DagBag from /opt/airflow/dags/dag_sentiment_analysis.py
[2024-06-18T14:47:05.565+0000] {logging_mixin.py:188} INFO - [2024-06-18T14:47:05.564+0000] {processor.py:431} INFO - Running SLA Checks for dag_sentiment_analysis
[2024-06-18T14:47:05.646+0000] {logging_mixin.py:188} INFO - [2024-06-18T14:47:05.646+0000] {dag.py:3047} INFO - Sync 1 DAGs
[2024-06-18T14:47:05.667+0000] {logging_mixin.py:188} INFO - [2024-06-18T14:47:05.666+0000] {dag.py:3834} INFO - Setting next_dagrun for dag_sentiment_analysis to 2024-06-18 00:00:00+00:00, run_after=2024-06-19 00:00:00+00:00
[2024-06-18T14:47:05.689+0000] {processor.py:183} INFO - Processing /opt/airflow/dags/dag_sentiment_analysis.py took 3.831 seconds
[2024-06-18T14:47:36.672+0000] {processor.py:161} INFO - Started process (PID=466) to work on /opt/airflow/dags/dag_sentiment_analysis.py
[2024-06-18T14:47:36.675+0000] {processor.py:830} INFO - Processing file /opt/airflow/dags/dag_sentiment_analysis.py for tasks to queue
[2024-06-18T14:47:36.677+0000] {logging_mixin.py:188} INFO - [2024-06-18T14:47:36.676+0000] {dagbag.py:540} INFO - Filling up the DagBag from /opt/airflow/dags/dag_sentiment_analysis.py
[2024-06-18T14:47:37.540+0000] {processor.py:840} INFO - DAG(s) 'dag_sentiment_analysis' retrieved from /opt/airflow/dags/dag_sentiment_analysis.py
[2024-06-18T14:47:37.541+0000] {logging_mixin.py:188} INFO - [2024-06-18T14:47:37.541+0000] {dagbag.py:540} INFO - Filling up the DagBag from /opt/airflow/dags/dag_sentiment_analysis.py
[2024-06-18T14:47:37.583+0000] {logging_mixin.py:188} INFO - [2024-06-18T14:47:37.583+0000] {processor.py:431} INFO - Running SLA Checks for dag_sentiment_analysis
[2024-06-18T14:47:37.620+0000] {logging_mixin.py:188} INFO - [2024-06-18T14:47:37.620+0000] {dag.py:3047} INFO - Sync 1 DAGs
[2024-06-18T14:47:37.631+0000] {logging_mixin.py:188} INFO - [2024-06-18T14:47:37.631+0000] {dag.py:3834} INFO - Setting next_dagrun for dag_sentiment_analysis to 2024-06-18 00:00:00+00:00, run_after=2024-06-19 00:00:00+00:00
[2024-06-18T14:47:37.643+0000] {processor.py:183} INFO - Processing /opt/airflow/dags/dag_sentiment_analysis.py took 0.979 seconds
[2024-06-18T14:48:08.120+0000] {processor.py:161} INFO - Started process (PID=472) to work on /opt/airflow/dags/dag_sentiment_analysis.py
[2024-06-18T14:48:08.122+0000] {processor.py:830} INFO - Processing file /opt/airflow/dags/dag_sentiment_analysis.py for tasks to queue
[2024-06-18T14:48:08.123+0000] {logging_mixin.py:188} INFO - [2024-06-18T14:48:08.122+0000] {dagbag.py:540} INFO - Filling up the DagBag from /opt/airflow/dags/dag_sentiment_analysis.py
[2024-06-18T14:48:08.721+0000] {processor.py:840} INFO - DAG(s) 'dag_sentiment_analysis' retrieved from /opt/airflow/dags/dag_sentiment_analysis.py
[2024-06-18T14:48:08.743+0000] {logging_mixin.py:188} INFO - [2024-06-18T14:48:08.743+0000] {dag.py:3047} INFO - Sync 1 DAGs
[2024-06-18T14:48:08.768+0000] {logging_mixin.py:188} INFO - [2024-06-18T14:48:08.767+0000] {dag.py:3834} INFO - Setting next_dagrun for dag_sentiment_analysis to 2024-06-18 00:00:00+00:00, run_after=2024-06-19 00:00:00+00:00
[2024-06-18T14:48:08.777+0000] {processor.py:183} INFO - Processing /opt/airflow/dags/dag_sentiment_analysis.py took 0.663 seconds
[2024-06-18T14:48:39.174+0000] {processor.py:161} INFO - Started process (PID=478) to work on /opt/airflow/dags/dag_sentiment_analysis.py
[2024-06-18T14:48:39.176+0000] {processor.py:830} INFO - Processing file /opt/airflow/dags/dag_sentiment_analysis.py for tasks to queue
[2024-06-18T14:48:39.177+0000] {logging_mixin.py:188} INFO - [2024-06-18T14:48:39.177+0000] {dagbag.py:540} INFO - Filling up the DagBag from /opt/airflow/dags/dag_sentiment_analysis.py
[2024-06-18T14:48:39.892+0000] {processor.py:840} INFO - DAG(s) 'dag_sentiment_analysis' retrieved from /opt/airflow/dags/dag_sentiment_analysis.py
[2024-06-18T14:48:39.943+0000] {logging_mixin.py:188} INFO - [2024-06-18T14:48:39.943+0000] {dag.py:3047} INFO - Sync 1 DAGs
[2024-06-18T14:48:39.960+0000] {logging_mixin.py:188} INFO - [2024-06-18T14:48:39.960+0000] {dag.py:3834} INFO - Setting next_dagrun for dag_sentiment_analysis to 2024-06-18 00:00:00+00:00, run_after=2024-06-19 00:00:00+00:00
[2024-06-18T14:48:39.972+0000] {processor.py:183} INFO - Processing /opt/airflow/dags/dag_sentiment_analysis.py took 0.805 seconds
[2024-06-18T14:49:10.458+0000] {processor.py:161} INFO - Started process (PID=484) to work on /opt/airflow/dags/dag_sentiment_analysis.py
[2024-06-18T14:49:10.468+0000] {processor.py:830} INFO - Processing file /opt/airflow/dags/dag_sentiment_analysis.py for tasks to queue
[2024-06-18T14:49:10.474+0000] {logging_mixin.py:188} INFO - [2024-06-18T14:49:10.472+0000] {dagbag.py:540} INFO - Filling up the DagBag from /opt/airflow/dags/dag_sentiment_analysis.py
[2024-06-18T14:49:11.964+0000] {processor.py:840} INFO - DAG(s) 'dag_sentiment_analysis' retrieved from /opt/airflow/dags/dag_sentiment_analysis.py
[2024-06-18T14:49:12.041+0000] {logging_mixin.py:188} INFO - [2024-06-18T14:49:12.041+0000] {dag.py:3047} INFO - Sync 1 DAGs
[2024-06-18T14:49:12.068+0000] {logging_mixin.py:188} INFO - [2024-06-18T14:49:12.068+0000] {dag.py:3834} INFO - Setting next_dagrun for dag_sentiment_analysis to 2024-06-18 00:00:00+00:00, run_after=2024-06-19 00:00:00+00:00
[2024-06-18T14:49:12.084+0000] {processor.py:183} INFO - Processing /opt/airflow/dags/dag_sentiment_analysis.py took 1.668 seconds
[2024-06-18T14:49:42.606+0000] {processor.py:161} INFO - Started process (PID=490) to work on /opt/airflow/dags/dag_sentiment_analysis.py
[2024-06-18T14:49:42.609+0000] {processor.py:830} INFO - Processing file /opt/airflow/dags/dag_sentiment_analysis.py for tasks to queue
[2024-06-18T14:49:42.610+0000] {logging_mixin.py:188} INFO - [2024-06-18T14:49:42.609+0000] {dagbag.py:540} INFO - Filling up the DagBag from /opt/airflow/dags/dag_sentiment_analysis.py
[2024-06-18T14:49:43.329+0000] {processor.py:840} INFO - DAG(s) 'dag_sentiment_analysis' retrieved from /opt/airflow/dags/dag_sentiment_analysis.py
[2024-06-18T14:49:43.359+0000] {logging_mixin.py:188} INFO - [2024-06-18T14:49:43.358+0000] {dag.py:3047} INFO - Sync 1 DAGs
[2024-06-18T14:49:43.376+0000] {logging_mixin.py:188} INFO - [2024-06-18T14:49:43.376+0000] {dag.py:3834} INFO - Setting next_dagrun for dag_sentiment_analysis to 2024-06-18 00:00:00+00:00, run_after=2024-06-19 00:00:00+00:00
[2024-06-18T14:49:43.386+0000] {processor.py:183} INFO - Processing /opt/airflow/dags/dag_sentiment_analysis.py took 0.785 seconds
[2024-06-18T14:50:13.734+0000] {processor.py:161} INFO - Started process (PID=496) to work on /opt/airflow/dags/dag_sentiment_analysis.py
[2024-06-18T14:50:13.736+0000] {processor.py:830} INFO - Processing file /opt/airflow/dags/dag_sentiment_analysis.py for tasks to queue
[2024-06-18T14:50:13.737+0000] {logging_mixin.py:188} INFO - [2024-06-18T14:50:13.736+0000] {dagbag.py:540} INFO - Filling up the DagBag from /opt/airflow/dags/dag_sentiment_analysis.py
[2024-06-18T14:50:14.408+0000] {processor.py:840} INFO - DAG(s) 'dag_sentiment_analysis' retrieved from /opt/airflow/dags/dag_sentiment_analysis.py
[2024-06-18T14:50:14.437+0000] {logging_mixin.py:188} INFO - [2024-06-18T14:50:14.437+0000] {dag.py:3047} INFO - Sync 1 DAGs
[2024-06-18T14:50:14.454+0000] {logging_mixin.py:188} INFO - [2024-06-18T14:50:14.454+0000] {dag.py:3834} INFO - Setting next_dagrun for dag_sentiment_analysis to 2024-06-18 00:00:00+00:00, run_after=2024-06-19 00:00:00+00:00
[2024-06-18T14:50:14.469+0000] {processor.py:183} INFO - Processing /opt/airflow/dags/dag_sentiment_analysis.py took 0.740 seconds
[2024-06-18T14:50:44.722+0000] {processor.py:161} INFO - Started process (PID=502) to work on /opt/airflow/dags/dag_sentiment_analysis.py
[2024-06-18T14:50:44.724+0000] {processor.py:830} INFO - Processing file /opt/airflow/dags/dag_sentiment_analysis.py for tasks to queue
[2024-06-18T14:50:44.725+0000] {logging_mixin.py:188} INFO - [2024-06-18T14:50:44.725+0000] {dagbag.py:540} INFO - Filling up the DagBag from /opt/airflow/dags/dag_sentiment_analysis.py
[2024-06-18T14:50:45.411+0000] {processor.py:840} INFO - DAG(s) 'dag_sentiment_analysis' retrieved from /opt/airflow/dags/dag_sentiment_analysis.py
[2024-06-18T14:50:45.456+0000] {logging_mixin.py:188} INFO - [2024-06-18T14:50:45.455+0000] {dag.py:3047} INFO - Sync 1 DAGs
[2024-06-18T14:50:45.475+0000] {logging_mixin.py:188} INFO - [2024-06-18T14:50:45.475+0000] {dag.py:3834} INFO - Setting next_dagrun for dag_sentiment_analysis to 2024-06-18 00:00:00+00:00, run_after=2024-06-19 00:00:00+00:00
[2024-06-18T14:50:45.488+0000] {processor.py:183} INFO - Processing /opt/airflow/dags/dag_sentiment_analysis.py took 0.771 seconds
[2024-06-18T14:51:15.917+0000] {processor.py:161} INFO - Started process (PID=508) to work on /opt/airflow/dags/dag_sentiment_analysis.py
[2024-06-18T14:51:15.919+0000] {processor.py:830} INFO - Processing file /opt/airflow/dags/dag_sentiment_analysis.py for tasks to queue
[2024-06-18T14:51:15.921+0000] {logging_mixin.py:188} INFO - [2024-06-18T14:51:15.920+0000] {dagbag.py:540} INFO - Filling up the DagBag from /opt/airflow/dags/dag_sentiment_analysis.py
[2024-06-18T14:51:16.669+0000] {processor.py:840} INFO - DAG(s) 'dag_sentiment_analysis' retrieved from /opt/airflow/dags/dag_sentiment_analysis.py
[2024-06-18T14:51:16.703+0000] {logging_mixin.py:188} INFO - [2024-06-18T14:51:16.703+0000] {dag.py:3047} INFO - Sync 1 DAGs
[2024-06-18T14:51:16.725+0000] {logging_mixin.py:188} INFO - [2024-06-18T14:51:16.725+0000] {dag.py:3834} INFO - Setting next_dagrun for dag_sentiment_analysis to 2024-06-18 00:00:00+00:00, run_after=2024-06-19 00:00:00+00:00
[2024-06-18T14:51:16.739+0000] {processor.py:183} INFO - Processing /opt/airflow/dags/dag_sentiment_analysis.py took 0.831 seconds
[2024-06-18T14:51:47.106+0000] {processor.py:161} INFO - Started process (PID=514) to work on /opt/airflow/dags/dag_sentiment_analysis.py
[2024-06-18T14:51:47.108+0000] {processor.py:830} INFO - Processing file /opt/airflow/dags/dag_sentiment_analysis.py for tasks to queue
[2024-06-18T14:51:47.109+0000] {logging_mixin.py:188} INFO - [2024-06-18T14:51:47.109+0000] {dagbag.py:540} INFO - Filling up the DagBag from /opt/airflow/dags/dag_sentiment_analysis.py
[2024-06-18T14:51:47.801+0000] {processor.py:840} INFO - DAG(s) 'dag_sentiment_analysis' retrieved from /opt/airflow/dags/dag_sentiment_analysis.py
[2024-06-18T14:51:47.832+0000] {logging_mixin.py:188} INFO - [2024-06-18T14:51:47.832+0000] {dag.py:3047} INFO - Sync 1 DAGs
[2024-06-18T14:51:47.849+0000] {logging_mixin.py:188} INFO - [2024-06-18T14:51:47.848+0000] {dag.py:3834} INFO - Setting next_dagrun for dag_sentiment_analysis to 2024-06-18 00:00:00+00:00, run_after=2024-06-19 00:00:00+00:00
[2024-06-18T14:51:47.866+0000] {processor.py:183} INFO - Processing /opt/airflow/dags/dag_sentiment_analysis.py took 0.765 seconds
[2024-06-18T14:52:18.218+0000] {processor.py:161} INFO - Started process (PID=520) to work on /opt/airflow/dags/dag_sentiment_analysis.py
[2024-06-18T14:52:18.220+0000] {processor.py:830} INFO - Processing file /opt/airflow/dags/dag_sentiment_analysis.py for tasks to queue
[2024-06-18T14:52:18.221+0000] {logging_mixin.py:188} INFO - [2024-06-18T14:52:18.221+0000] {dagbag.py:540} INFO - Filling up the DagBag from /opt/airflow/dags/dag_sentiment_analysis.py
[2024-06-18T14:52:18.918+0000] {processor.py:840} INFO - DAG(s) 'dag_sentiment_analysis' retrieved from /opt/airflow/dags/dag_sentiment_analysis.py
[2024-06-18T14:52:18.944+0000] {logging_mixin.py:188} INFO - [2024-06-18T14:52:18.944+0000] {dag.py:3047} INFO - Sync 1 DAGs
[2024-06-18T14:52:18.956+0000] {logging_mixin.py:188} INFO - [2024-06-18T14:52:18.956+0000] {dag.py:3834} INFO - Setting next_dagrun for dag_sentiment_analysis to 2024-06-18 00:00:00+00:00, run_after=2024-06-19 00:00:00+00:00
[2024-06-18T14:52:18.976+0000] {processor.py:183} INFO - Processing /opt/airflow/dags/dag_sentiment_analysis.py took 0.763 seconds
[2024-06-18T14:52:49.359+0000] {processor.py:161} INFO - Started process (PID=526) to work on /opt/airflow/dags/dag_sentiment_analysis.py
[2024-06-18T14:52:49.361+0000] {processor.py:830} INFO - Processing file /opt/airflow/dags/dag_sentiment_analysis.py for tasks to queue
[2024-06-18T14:52:49.363+0000] {logging_mixin.py:188} INFO - [2024-06-18T14:52:49.362+0000] {dagbag.py:540} INFO - Filling up the DagBag from /opt/airflow/dags/dag_sentiment_analysis.py
[2024-06-18T14:52:50.031+0000] {processor.py:840} INFO - DAG(s) 'dag_sentiment_analysis' retrieved from /opt/airflow/dags/dag_sentiment_analysis.py
[2024-06-18T14:52:50.056+0000] {logging_mixin.py:188} INFO - [2024-06-18T14:52:50.056+0000] {dag.py:3047} INFO - Sync 1 DAGs
[2024-06-18T14:52:50.069+0000] {logging_mixin.py:188} INFO - [2024-06-18T14:52:50.069+0000] {dag.py:3834} INFO - Setting next_dagrun for dag_sentiment_analysis to 2024-06-18 00:00:00+00:00, run_after=2024-06-19 00:00:00+00:00
[2024-06-18T14:52:50.079+0000] {processor.py:183} INFO - Processing /opt/airflow/dags/dag_sentiment_analysis.py took 0.727 seconds
[2024-06-18T14:53:20.286+0000] {processor.py:161} INFO - Started process (PID=532) to work on /opt/airflow/dags/dag_sentiment_analysis.py
[2024-06-18T14:53:20.288+0000] {processor.py:830} INFO - Processing file /opt/airflow/dags/dag_sentiment_analysis.py for tasks to queue
[2024-06-18T14:53:20.289+0000] {logging_mixin.py:188} INFO - [2024-06-18T14:53:20.289+0000] {dagbag.py:540} INFO - Filling up the DagBag from /opt/airflow/dags/dag_sentiment_analysis.py
[2024-06-18T14:53:20.942+0000] {processor.py:840} INFO - DAG(s) 'dag_sentiment_analysis' retrieved from /opt/airflow/dags/dag_sentiment_analysis.py
[2024-06-18T14:53:20.967+0000] {logging_mixin.py:188} INFO - [2024-06-18T14:53:20.967+0000] {dag.py:3047} INFO - Sync 1 DAGs
[2024-06-18T14:53:20.980+0000] {logging_mixin.py:188} INFO - [2024-06-18T14:53:20.980+0000] {dag.py:3834} INFO - Setting next_dagrun for dag_sentiment_analysis to 2024-06-18 00:00:00+00:00, run_after=2024-06-19 00:00:00+00:00
[2024-06-18T14:53:20.989+0000] {processor.py:183} INFO - Processing /opt/airflow/dags/dag_sentiment_analysis.py took 0.708 seconds
[2024-06-18T14:53:51.399+0000] {processor.py:161} INFO - Started process (PID=538) to work on /opt/airflow/dags/dag_sentiment_analysis.py
[2024-06-18T14:53:51.407+0000] {processor.py:830} INFO - Processing file /opt/airflow/dags/dag_sentiment_analysis.py for tasks to queue
[2024-06-18T14:53:51.410+0000] {logging_mixin.py:188} INFO - [2024-06-18T14:53:51.409+0000] {dagbag.py:540} INFO - Filling up the DagBag from /opt/airflow/dags/dag_sentiment_analysis.py
[2024-06-18T14:53:52.057+0000] {processor.py:840} INFO - DAG(s) 'dag_sentiment_analysis' retrieved from /opt/airflow/dags/dag_sentiment_analysis.py
[2024-06-18T14:53:52.082+0000] {logging_mixin.py:188} INFO - [2024-06-18T14:53:52.082+0000] {dag.py:3047} INFO - Sync 1 DAGs
[2024-06-18T14:53:52.095+0000] {logging_mixin.py:188} INFO - [2024-06-18T14:53:52.095+0000] {dag.py:3834} INFO - Setting next_dagrun for dag_sentiment_analysis to 2024-06-18 00:00:00+00:00, run_after=2024-06-19 00:00:00+00:00
[2024-06-18T14:53:52.104+0000] {processor.py:183} INFO - Processing /opt/airflow/dags/dag_sentiment_analysis.py took 0.715 seconds
[2024-06-18T14:54:22.453+0000] {processor.py:161} INFO - Started process (PID=544) to work on /opt/airflow/dags/dag_sentiment_analysis.py
[2024-06-18T14:54:22.456+0000] {processor.py:830} INFO - Processing file /opt/airflow/dags/dag_sentiment_analysis.py for tasks to queue
[2024-06-18T14:54:22.457+0000] {logging_mixin.py:188} INFO - [2024-06-18T14:54:22.457+0000] {dagbag.py:540} INFO - Filling up the DagBag from /opt/airflow/dags/dag_sentiment_analysis.py
[2024-06-18T14:54:23.148+0000] {processor.py:840} INFO - DAG(s) 'dag_sentiment_analysis' retrieved from /opt/airflow/dags/dag_sentiment_analysis.py
[2024-06-18T14:54:23.178+0000] {logging_mixin.py:188} INFO - [2024-06-18T14:54:23.178+0000] {dag.py:3047} INFO - Sync 1 DAGs
[2024-06-18T14:54:23.190+0000] {logging_mixin.py:188} INFO - [2024-06-18T14:54:23.190+0000] {dag.py:3834} INFO - Setting next_dagrun for dag_sentiment_analysis to 2024-06-18 00:00:00+00:00, run_after=2024-06-19 00:00:00+00:00
[2024-06-18T14:54:23.201+0000] {processor.py:183} INFO - Processing /opt/airflow/dags/dag_sentiment_analysis.py took 0.752 seconds
[2024-06-18T14:54:53.493+0000] {processor.py:161} INFO - Started process (PID=550) to work on /opt/airflow/dags/dag_sentiment_analysis.py
[2024-06-18T14:54:53.495+0000] {processor.py:830} INFO - Processing file /opt/airflow/dags/dag_sentiment_analysis.py for tasks to queue
[2024-06-18T14:54:53.496+0000] {logging_mixin.py:188} INFO - [2024-06-18T14:54:53.495+0000] {dagbag.py:540} INFO - Filling up the DagBag from /opt/airflow/dags/dag_sentiment_analysis.py
[2024-06-18T14:54:54.211+0000] {processor.py:840} INFO - DAG(s) 'dag_sentiment_analysis' retrieved from /opt/airflow/dags/dag_sentiment_analysis.py
[2024-06-18T14:54:54.238+0000] {logging_mixin.py:188} INFO - [2024-06-18T14:54:54.238+0000] {dag.py:3047} INFO - Sync 1 DAGs
[2024-06-18T14:54:54.251+0000] {logging_mixin.py:188} INFO - [2024-06-18T14:54:54.250+0000] {dag.py:3834} INFO - Setting next_dagrun for dag_sentiment_analysis to 2024-06-18 00:00:00+00:00, run_after=2024-06-19 00:00:00+00:00
[2024-06-18T14:54:54.260+0000] {processor.py:183} INFO - Processing /opt/airflow/dags/dag_sentiment_analysis.py took 0.772 seconds
[2024-06-18T14:55:24.666+0000] {processor.py:161} INFO - Started process (PID=556) to work on /opt/airflow/dags/dag_sentiment_analysis.py
[2024-06-18T14:55:24.671+0000] {processor.py:830} INFO - Processing file /opt/airflow/dags/dag_sentiment_analysis.py for tasks to queue
[2024-06-18T14:55:24.673+0000] {logging_mixin.py:188} INFO - [2024-06-18T14:55:24.672+0000] {dagbag.py:540} INFO - Filling up the DagBag from /opt/airflow/dags/dag_sentiment_analysis.py
[2024-06-18T14:55:25.318+0000] {processor.py:840} INFO - DAG(s) 'dag_sentiment_analysis' retrieved from /opt/airflow/dags/dag_sentiment_analysis.py
[2024-06-18T14:55:25.343+0000] {logging_mixin.py:188} INFO - [2024-06-18T14:55:25.342+0000] {dag.py:3047} INFO - Sync 1 DAGs
[2024-06-18T14:55:25.367+0000] {logging_mixin.py:188} INFO - [2024-06-18T14:55:25.367+0000] {dag.py:3834} INFO - Setting next_dagrun for dag_sentiment_analysis to 2024-06-18 00:00:00+00:00, run_after=2024-06-19 00:00:00+00:00
[2024-06-18T14:55:25.376+0000] {processor.py:183} INFO - Processing /opt/airflow/dags/dag_sentiment_analysis.py took 0.736 seconds
[2024-06-18T14:55:55.796+0000] {processor.py:161} INFO - Started process (PID=562) to work on /opt/airflow/dags/dag_sentiment_analysis.py
[2024-06-18T14:55:55.800+0000] {processor.py:830} INFO - Processing file /opt/airflow/dags/dag_sentiment_analysis.py for tasks to queue
[2024-06-18T14:55:55.802+0000] {logging_mixin.py:188} INFO - [2024-06-18T14:55:55.801+0000] {dagbag.py:540} INFO - Filling up the DagBag from /opt/airflow/dags/dag_sentiment_analysis.py
[2024-06-18T14:55:56.483+0000] {processor.py:840} INFO - DAG(s) 'dag_sentiment_analysis' retrieved from /opt/airflow/dags/dag_sentiment_analysis.py
[2024-06-18T14:55:56.503+0000] {logging_mixin.py:188} INFO - [2024-06-18T14:55:56.503+0000] {dag.py:3047} INFO - Sync 1 DAGs
[2024-06-18T14:55:56.515+0000] {logging_mixin.py:188} INFO - [2024-06-18T14:55:56.515+0000] {dag.py:3834} INFO - Setting next_dagrun for dag_sentiment_analysis to 2024-06-18 00:00:00+00:00, run_after=2024-06-19 00:00:00+00:00
[2024-06-18T14:55:56.526+0000] {processor.py:183} INFO - Processing /opt/airflow/dags/dag_sentiment_analysis.py took 0.753 seconds
[2024-06-18T14:56:26.714+0000] {processor.py:161} INFO - Started process (PID=571) to work on /opt/airflow/dags/dag_sentiment_analysis.py
[2024-06-18T14:56:26.717+0000] {processor.py:830} INFO - Processing file /opt/airflow/dags/dag_sentiment_analysis.py for tasks to queue
[2024-06-18T14:56:26.718+0000] {logging_mixin.py:188} INFO - [2024-06-18T14:56:26.717+0000] {dagbag.py:540} INFO - Filling up the DagBag from /opt/airflow/dags/dag_sentiment_analysis.py
[2024-06-18T14:56:27.380+0000] {processor.py:840} INFO - DAG(s) 'dag_sentiment_analysis' retrieved from /opt/airflow/dags/dag_sentiment_analysis.py
[2024-06-18T14:56:27.381+0000] {logging_mixin.py:188} INFO - [2024-06-18T14:56:27.380+0000] {dagbag.py:540} INFO - Filling up the DagBag from /opt/airflow/dags/dag_sentiment_analysis.py
[2024-06-18T14:56:27.396+0000] {logging_mixin.py:188} INFO - [2024-06-18T14:56:27.396+0000] {processor.py:431} INFO - Running SLA Checks for dag_sentiment_analysis
[2024-06-18T14:56:27.419+0000] {logging_mixin.py:188} INFO - [2024-06-18T14:56:27.418+0000] {dag.py:3047} INFO - Sync 1 DAGs
[2024-06-18T14:56:27.427+0000] {logging_mixin.py:188} INFO - [2024-06-18T14:56:27.427+0000] {dag.py:3834} INFO - Setting next_dagrun for dag_sentiment_analysis to 2024-06-18 00:00:00+00:00, run_after=2024-06-19 00:00:00+00:00
[2024-06-18T14:56:27.438+0000] {processor.py:183} INFO - Processing /opt/airflow/dags/dag_sentiment_analysis.py took 0.738 seconds
[2024-06-18T14:56:57.875+0000] {processor.py:161} INFO - Started process (PID=577) to work on /opt/airflow/dags/dag_sentiment_analysis.py
[2024-06-18T14:56:57.876+0000] {processor.py:830} INFO - Processing file /opt/airflow/dags/dag_sentiment_analysis.py for tasks to queue
[2024-06-18T14:56:57.877+0000] {logging_mixin.py:188} INFO - [2024-06-18T14:56:57.877+0000] {dagbag.py:540} INFO - Filling up the DagBag from /opt/airflow/dags/dag_sentiment_analysis.py
[2024-06-18T14:56:58.700+0000] {processor.py:840} INFO - DAG(s) 'dag_sentiment_analysis' retrieved from /opt/airflow/dags/dag_sentiment_analysis.py
[2024-06-18T14:56:58.701+0000] {logging_mixin.py:188} INFO - [2024-06-18T14:56:58.701+0000] {dagbag.py:540} INFO - Filling up the DagBag from /opt/airflow/dags/dag_sentiment_analysis.py
[2024-06-18T14:56:58.728+0000] {logging_mixin.py:188} INFO - [2024-06-18T14:56:58.728+0000] {processor.py:431} INFO - Running SLA Checks for dag_sentiment_analysis
[2024-06-18T14:56:58.762+0000] {logging_mixin.py:188} INFO - [2024-06-18T14:56:58.761+0000] {dag.py:3047} INFO - Sync 1 DAGs
[2024-06-18T14:56:58.773+0000] {logging_mixin.py:188} INFO - [2024-06-18T14:56:58.773+0000] {dag.py:3834} INFO - Setting next_dagrun for dag_sentiment_analysis to 2024-06-18 00:00:00+00:00, run_after=2024-06-19 00:00:00+00:00
[2024-06-18T14:56:58.787+0000] {processor.py:183} INFO - Processing /opt/airflow/dags/dag_sentiment_analysis.py took 0.917 seconds
[2024-06-18T14:57:29.089+0000] {processor.py:161} INFO - Started process (PID=583) to work on /opt/airflow/dags/dag_sentiment_analysis.py
[2024-06-18T14:57:29.090+0000] {processor.py:830} INFO - Processing file /opt/airflow/dags/dag_sentiment_analysis.py for tasks to queue
[2024-06-18T14:57:29.092+0000] {logging_mixin.py:188} INFO - [2024-06-18T14:57:29.091+0000] {dagbag.py:540} INFO - Filling up the DagBag from /opt/airflow/dags/dag_sentiment_analysis.py
[2024-06-18T14:57:29.866+0000] {processor.py:840} INFO - DAG(s) 'dag_sentiment_analysis' retrieved from /opt/airflow/dags/dag_sentiment_analysis.py
[2024-06-18T14:57:29.867+0000] {logging_mixin.py:188} INFO - [2024-06-18T14:57:29.867+0000] {dagbag.py:540} INFO - Filling up the DagBag from /opt/airflow/dags/dag_sentiment_analysis.py
[2024-06-18T14:57:29.889+0000] {logging_mixin.py:188} INFO - [2024-06-18T14:57:29.889+0000] {processor.py:431} INFO - Running SLA Checks for dag_sentiment_analysis
[2024-06-18T14:57:29.915+0000] {logging_mixin.py:188} INFO - [2024-06-18T14:57:29.914+0000] {dag.py:3047} INFO - Sync 1 DAGs
[2024-06-18T14:57:29.926+0000] {logging_mixin.py:188} INFO - [2024-06-18T14:57:29.925+0000] {dag.py:3834} INFO - Setting next_dagrun for dag_sentiment_analysis to 2024-06-18 00:00:00+00:00, run_after=2024-06-19 00:00:00+00:00
[2024-06-18T14:57:29.940+0000] {processor.py:183} INFO - Processing /opt/airflow/dags/dag_sentiment_analysis.py took 0.857 seconds
[2024-06-18T14:58:00.462+0000] {processor.py:161} INFO - Started process (PID=589) to work on /opt/airflow/dags/dag_sentiment_analysis.py
[2024-06-18T14:58:00.465+0000] {processor.py:830} INFO - Processing file /opt/airflow/dags/dag_sentiment_analysis.py for tasks to queue
[2024-06-18T14:58:00.467+0000] {logging_mixin.py:188} INFO - [2024-06-18T14:58:00.466+0000] {dagbag.py:540} INFO - Filling up the DagBag from /opt/airflow/dags/dag_sentiment_analysis.py
[2024-06-18T14:58:01.510+0000] {processor.py:840} INFO - DAG(s) 'dag_sentiment_analysis' retrieved from /opt/airflow/dags/dag_sentiment_analysis.py
[2024-06-18T14:58:01.511+0000] {logging_mixin.py:188} INFO - [2024-06-18T14:58:01.511+0000] {dagbag.py:540} INFO - Filling up the DagBag from /opt/airflow/dags/dag_sentiment_analysis.py
[2024-06-18T14:58:01.548+0000] {logging_mixin.py:188} INFO - [2024-06-18T14:58:01.548+0000] {processor.py:431} INFO - Running SLA Checks for dag_sentiment_analysis
[2024-06-18T14:58:01.582+0000] {logging_mixin.py:188} INFO - [2024-06-18T14:58:01.581+0000] {dag.py:3047} INFO - Sync 1 DAGs
[2024-06-18T14:58:01.594+0000] {logging_mixin.py:188} INFO - [2024-06-18T14:58:01.594+0000] {dag.py:3834} INFO - Setting next_dagrun for dag_sentiment_analysis to 2024-06-18 00:00:00+00:00, run_after=2024-06-19 00:00:00+00:00
[2024-06-18T14:58:01.607+0000] {processor.py:183} INFO - Processing /opt/airflow/dags/dag_sentiment_analysis.py took 1.158 seconds
[2024-06-18T14:58:31.703+0000] {processor.py:161} INFO - Started process (PID=595) to work on /opt/airflow/dags/dag_sentiment_analysis.py
[2024-06-18T14:58:31.707+0000] {processor.py:830} INFO - Processing file /opt/airflow/dags/dag_sentiment_analysis.py for tasks to queue
[2024-06-18T14:58:31.709+0000] {logging_mixin.py:188} INFO - [2024-06-18T14:58:31.708+0000] {dagbag.py:540} INFO - Filling up the DagBag from /opt/airflow/dags/dag_sentiment_analysis.py
[2024-06-18T14:58:32.556+0000] {processor.py:840} INFO - DAG(s) 'dag_sentiment_analysis' retrieved from /opt/airflow/dags/dag_sentiment_analysis.py
[2024-06-18T14:58:32.557+0000] {logging_mixin.py:188} INFO - [2024-06-18T14:58:32.557+0000] {dagbag.py:540} INFO - Filling up the DagBag from /opt/airflow/dags/dag_sentiment_analysis.py
[2024-06-18T14:58:32.579+0000] {logging_mixin.py:188} INFO - [2024-06-18T14:58:32.579+0000] {processor.py:431} INFO - Running SLA Checks for dag_sentiment_analysis
[2024-06-18T14:58:32.624+0000] {logging_mixin.py:188} INFO - [2024-06-18T14:58:32.624+0000] {dag.py:3047} INFO - Sync 1 DAGs
[2024-06-18T14:58:32.636+0000] {logging_mixin.py:188} INFO - [2024-06-18T14:58:32.636+0000] {dag.py:3834} INFO - Setting next_dagrun for dag_sentiment_analysis to 2024-06-18 00:00:00+00:00, run_after=2024-06-19 00:00:00+00:00
[2024-06-18T14:58:32.648+0000] {processor.py:183} INFO - Processing /opt/airflow/dags/dag_sentiment_analysis.py took 0.966 seconds
[2024-06-18T14:59:02.941+0000] {processor.py:161} INFO - Started process (PID=601) to work on /opt/airflow/dags/dag_sentiment_analysis.py
[2024-06-18T14:59:02.947+0000] {processor.py:830} INFO - Processing file /opt/airflow/dags/dag_sentiment_analysis.py for tasks to queue
[2024-06-18T14:59:02.953+0000] {logging_mixin.py:188} INFO - [2024-06-18T14:59:02.950+0000] {dagbag.py:540} INFO - Filling up the DagBag from /opt/airflow/dags/dag_sentiment_analysis.py
[2024-06-18T14:59:04.151+0000] {processor.py:840} INFO - DAG(s) 'dag_sentiment_analysis' retrieved from /opt/airflow/dags/dag_sentiment_analysis.py
[2024-06-18T14:59:04.152+0000] {logging_mixin.py:188} INFO - [2024-06-18T14:59:04.151+0000] {dagbag.py:540} INFO - Filling up the DagBag from /opt/airflow/dags/dag_sentiment_analysis.py
[2024-06-18T14:59:04.174+0000] {logging_mixin.py:188} INFO - [2024-06-18T14:59:04.174+0000] {processor.py:431} INFO - Running SLA Checks for dag_sentiment_analysis
[2024-06-18T14:59:04.205+0000] {logging_mixin.py:188} INFO - [2024-06-18T14:59:04.204+0000] {dag.py:3047} INFO - Sync 1 DAGs
[2024-06-18T14:59:04.216+0000] {logging_mixin.py:188} INFO - [2024-06-18T14:59:04.216+0000] {dag.py:3834} INFO - Setting next_dagrun for dag_sentiment_analysis to 2024-06-18 00:00:00+00:00, run_after=2024-06-19 00:00:00+00:00
[2024-06-18T14:59:04.229+0000] {processor.py:183} INFO - Processing /opt/airflow/dags/dag_sentiment_analysis.py took 1.322 seconds
[2024-06-18T14:59:35.333+0000] {processor.py:161} INFO - Started process (PID=607) to work on /opt/airflow/dags/dag_sentiment_analysis.py
[2024-06-18T14:59:35.343+0000] {processor.py:830} INFO - Processing file /opt/airflow/dags/dag_sentiment_analysis.py for tasks to queue
[2024-06-18T14:59:35.356+0000] {logging_mixin.py:188} INFO - [2024-06-18T14:59:35.353+0000] {dagbag.py:540} INFO - Filling up the DagBag from /opt/airflow/dags/dag_sentiment_analysis.py
[2024-06-18T14:59:36.788+0000] {processor.py:840} INFO - DAG(s) 'dag_sentiment_analysis' retrieved from /opt/airflow/dags/dag_sentiment_analysis.py
[2024-06-18T14:59:36.790+0000] {logging_mixin.py:188} INFO - [2024-06-18T14:59:36.789+0000] {dagbag.py:540} INFO - Filling up the DagBag from /opt/airflow/dags/dag_sentiment_analysis.py
[2024-06-18T14:59:36.832+0000] {logging_mixin.py:188} INFO - [2024-06-18T14:59:36.832+0000] {processor.py:431} INFO - Running SLA Checks for dag_sentiment_analysis
[2024-06-18T14:59:36.875+0000] {logging_mixin.py:188} INFO - [2024-06-18T14:59:36.874+0000] {dag.py:3047} INFO - Sync 1 DAGs
[2024-06-18T14:59:36.902+0000] {logging_mixin.py:188} INFO - [2024-06-18T14:59:36.902+0000] {dag.py:3834} INFO - Setting next_dagrun for dag_sentiment_analysis to 2024-06-18 00:00:00+00:00, run_after=2024-06-19 00:00:00+00:00
[2024-06-18T14:59:36.927+0000] {processor.py:183} INFO - Processing /opt/airflow/dags/dag_sentiment_analysis.py took 1.631 seconds
[2024-06-18T15:00:07.859+0000] {processor.py:161} INFO - Started process (PID=613) to work on /opt/airflow/dags/dag_sentiment_analysis.py
[2024-06-18T15:00:07.865+0000] {processor.py:830} INFO - Processing file /opt/airflow/dags/dag_sentiment_analysis.py for tasks to queue
[2024-06-18T15:00:07.868+0000] {logging_mixin.py:188} INFO - [2024-06-18T15:00:07.867+0000] {dagbag.py:540} INFO - Filling up the DagBag from /opt/airflow/dags/dag_sentiment_analysis.py
[2024-06-18T15:00:10.235+0000] {processor.py:840} INFO - DAG(s) 'dag_sentiment_analysis' retrieved from /opt/airflow/dags/dag_sentiment_analysis.py
[2024-06-18T15:00:10.243+0000] {logging_mixin.py:188} INFO - [2024-06-18T15:00:10.242+0000] {dagbag.py:540} INFO - Filling up the DagBag from /opt/airflow/dags/dag_sentiment_analysis.py
[2024-06-18T15:00:10.356+0000] {logging_mixin.py:188} INFO - [2024-06-18T15:00:10.355+0000] {processor.py:431} INFO - Running SLA Checks for dag_sentiment_analysis
[2024-06-18T15:00:10.460+0000] {logging_mixin.py:188} INFO - [2024-06-18T15:00:10.459+0000] {dag.py:3047} INFO - Sync 1 DAGs
[2024-06-18T15:00:10.490+0000] {logging_mixin.py:188} INFO - [2024-06-18T15:00:10.489+0000] {dag.py:3834} INFO - Setting next_dagrun for dag_sentiment_analysis to 2024-06-18 00:00:00+00:00, run_after=2024-06-19 00:00:00+00:00
[2024-06-18T15:00:10.547+0000] {processor.py:183} INFO - Processing /opt/airflow/dags/dag_sentiment_analysis.py took 2.725 seconds
