[2024-06-18T12:52:58.917+0000] {manager.py:469} INFO - Processing files using up to 2 processes at a time 
[2024-06-18T12:52:58.926+0000] {manager.py:470} INFO - Process each file at most once every 30 seconds
[2024-06-18T12:52:58.931+0000] {manager.py:471} INFO - Checking for new files in /opt/airflow/dags every 300 seconds
[2024-06-18T12:52:58.940+0000] {manager.py:738} INFO - Searching for files in /opt/airflow/dags
[2024-06-18T12:52:58.968+0000] {manager.py:741} INFO - There are 0 files in /opt/airflow/dags
[2024-06-18T12:57:59.359+0000] {manager.py:738} INFO - Searching for files in /opt/airflow/dags
[2024-06-18T12:57:59.394+0000] {manager.py:741} INFO - There are 0 files in /opt/airflow/dags
[2024-06-18T13:02:59.552+0000] {manager.py:738} INFO - Searching for files in /opt/airflow/dags
[2024-06-18T13:02:59.602+0000] {manager.py:741} INFO - There are 0 files in /opt/airflow/dags
[2024-06-18T13:06:41.721+0000] {manager.py:451} INFO - Exiting gracefully upon receiving signal 15
[2024-06-18T13:16:05.270+0000] {manager.py:469} INFO - Processing files using up to 2 processes at a time 
[2024-06-18T13:16:05.272+0000] {manager.py:470} INFO - Process each file at most once every 30 seconds
[2024-06-18T13:16:05.274+0000] {manager.py:471} INFO - Checking for new files in /opt/airflow/dags every 300 seconds
[2024-06-18T13:16:05.276+0000] {manager.py:738} INFO - Searching for files in /opt/airflow/dags
[2024-06-18T13:16:05.285+0000] {manager.py:741} INFO - There are 0 files in /opt/airflow/dags
[2024-06-18T13:21:05.615+0000] {manager.py:738} INFO - Searching for files in /opt/airflow/dags
[2024-06-18T13:21:05.690+0000] {manager.py:741} INFO - There are 0 files in /opt/airflow/dags
[2024-06-18T13:26:06.064+0000] {manager.py:738} INFO - Searching for files in /opt/airflow/dags
[2024-06-18T13:26:06.149+0000] {manager.py:741} INFO - There are 0 files in /opt/airflow/dags
[2024-06-18T13:31:06.396+0000] {manager.py:738} INFO - Searching for files in /opt/airflow/dags
[2024-06-18T13:31:06.432+0000] {manager.py:741} INFO - There are 0 files in /opt/airflow/dags
[2024-06-18T13:36:07.051+0000] {manager.py:738} INFO - Searching for files in /opt/airflow/dags
[2024-06-18T13:36:07.277+0000] {manager.py:741} INFO - There are 0 files in /opt/airflow/dags
[2024-06-18T13:39:21.126+0000] {manager.py:451} INFO - Exiting gracefully upon receiving signal 15
[2024-06-18T13:42:54.472+0000] {manager.py:469} INFO - Processing files using up to 2 processes at a time 
[2024-06-18T13:42:54.474+0000] {manager.py:470} INFO - Process each file at most once every 30 seconds
[2024-06-18T13:42:54.475+0000] {manager.py:471} INFO - Checking for new files in /opt/airflow/dags every 300 seconds
[2024-06-18T13:42:54.476+0000] {manager.py:738} INFO - Searching for files in /opt/airflow/dags
[2024-06-18T13:42:54.484+0000] {manager.py:741} INFO - There are 0 files in /opt/airflow/dags
[2024-06-18T13:47:55.255+0000] {manager.py:738} INFO - Searching for files in /opt/airflow/dags
[2024-06-18T13:47:55.413+0000] {manager.py:741} INFO - There are 0 files in /opt/airflow/dags
[2024-06-18T13:52:55.239+0000] {manager.py:738} INFO - Searching for files in /opt/airflow/dags
[2024-06-18T13:52:55.331+0000] {manager.py:741} INFO - There are 0 files in /opt/airflow/dags
[2024-06-18T13:57:55.671+0000] {manager.py:738} INFO - Searching for files in /opt/airflow/dags
[2024-06-18T13:57:55.706+0000] {manager.py:741} INFO - There are 0 files in /opt/airflow/dags
[2024-06-18T14:02:56.379+0000] {manager.py:738} INFO - Searching for files in /opt/airflow/dags
[2024-06-18T14:02:56.614+0000] {manager.py:741} INFO - There are 0 files in /opt/airflow/dags
[2024-06-18T14:07:56.545+0000] {manager.py:738} INFO - Searching for files in /opt/airflow/dags
[2024-06-18T14:07:56.586+0000] {manager.py:741} INFO - There are 0 files in /opt/airflow/dags
[2024-06-18T14:12:57.275+0000] {manager.py:738} INFO - Searching for files in /opt/airflow/dags
[2024-06-18T14:12:57.328+0000] {manager.py:741} INFO - There are 0 files in /opt/airflow/dags
[2024-06-18T14:17:57.600+0000] {manager.py:738} INFO - Searching for files in /opt/airflow/dags
[2024-06-18T14:17:57.660+0000] {manager.py:741} INFO - There are 0 files in /opt/airflow/dags
[2024-06-18T14:22:57.816+0000] {manager.py:738} INFO - Searching for files in /opt/airflow/dags
[2024-06-18T14:22:57.884+0000] {manager.py:741} INFO - There are 1 files in /opt/airflow/dags
[2024-06-18T14:23:01.288+0000] {manager.py:879} INFO - 
================================================================================
DAG File Processing Stats

File Path                                  PID  Runtime      # DAGs    # Errors  Last Runtime    Last Run
---------------------------------------  -----  ---------  --------  ----------  --------------  ----------
/opt/airflow/dags/sentiment_analysis.py    205  2.36s             0           0
================================================================================
[2024-06-18T14:23:32.235+0000] {manager.py:879} INFO - 
================================================================================
DAG File Processing Stats

File Path                                PID    Runtime      # DAGs    # Errors  Last Runtime    Last Run
---------------------------------------  -----  ---------  --------  ----------  --------------  -------------------
/opt/airflow/dags/sentiment_analysis.py                           0           1  18.44s          2024-06-18T14:23:16
================================================================================
[2024-06-18T14:24:02.697+0000] {manager.py:879} INFO - 
================================================================================
DAG File Processing Stats

File Path                                PID    Runtime      # DAGs    # Errors  Last Runtime    Last Run
---------------------------------------  -----  ---------  --------  ----------  --------------  -------------------
/opt/airflow/dags/sentiment_analysis.py                           0           1  6.65s           2024-06-18T14:23:54
================================================================================
[2024-06-18T14:24:34.123+0000] {manager.py:879} INFO - 
================================================================================
DAG File Processing Stats

File Path                                PID    Runtime      # DAGs    # Errors  Last Runtime    Last Run
---------------------------------------  -----  ---------  --------  ----------  --------------  -------------------
/opt/airflow/dags/sentiment_analysis.py                           0           1  2.74s           2024-06-18T14:24:06
================================================================================
[2024-06-18T14:25:05.763+0000] {manager.py:879} INFO - 
================================================================================
DAG File Processing Stats

File Path                                  PID  Runtime      # DAGs    # Errors  Last Runtime    Last Run
---------------------------------------  -----  ---------  --------  ----------  --------------  -------------------
/opt/airflow/dags/sentiment_analysis.py    229  0.58s             0           1  3.54s           2024-06-18T14:24:40
================================================================================
[2024-06-18T14:25:36.689+0000] {manager.py:879} INFO - 
================================================================================
DAG File Processing Stats

File Path                                PID    Runtime      # DAGs    # Errors  Last Runtime    Last Run
---------------------------------------  -----  ---------  --------  ----------  --------------  -------------------
/opt/airflow/dags/sentiment_analysis.py                           0           1  5.62s           2024-06-18T14:25:10
================================================================================
[2024-06-18T14:26:07.236+0000] {manager.py:879} INFO - 
================================================================================
DAG File Processing Stats

File Path                                PID    Runtime      # DAGs    # Errors  Last Runtime    Last Run
---------------------------------------  -----  ---------  --------  ----------  --------------  -------------------
/opt/airflow/dags/sentiment_analysis.py                           0           1  2.94s           2024-06-18T14:25:43
================================================================================
[2024-06-18T14:26:11.650+0000] {manager.py:1129} WARNING - Skipping processing of missing file: /opt/airflow/dags/sentiment_analysis.py
[2024-06-18T14:27:58.139+0000] {manager.py:738} INFO - Searching for files in /opt/airflow/dags
[2024-06-18T14:27:58.604+0000] {manager.py:741} INFO - There are 1 files in /opt/airflow/dags
[2024-06-18T14:28:09.219+0000] {manager.py:879} INFO - 
================================================================================
DAG File Processing Stats

File Path                                      PID  Runtime      # DAGs    # Errors  Last Runtime    Last Run
-------------------------------------------  -----  ---------  --------  ----------  --------------  ----------
/opt/airflow/dags/dag_sentiment_analysis.py    241  9.85s             0           0
================================================================================
[2024-06-18T14:28:39.390+0000] {manager.py:879} INFO - 
================================================================================
DAG File Processing Stats

File Path                                    PID    Runtime      # DAGs    # Errors  Last Runtime    Last Run
-------------------------------------------  -----  ---------  --------  ----------  --------------  -------------------
/opt/airflow/dags/dag_sentiment_analysis.py                           1           0  26.77s          2024-06-18T14:28:26
================================================================================
[2024-06-18T14:29:09.632+0000] {manager.py:879} INFO - 
================================================================================
DAG File Processing Stats

File Path                                    PID    Runtime      # DAGs    # Errors  Last Runtime    Last Run
-------------------------------------------  -----  ---------  --------  ----------  --------------  -------------------
/opt/airflow/dags/dag_sentiment_analysis.py                           1           0  11.77s          2024-06-18T14:29:08
================================================================================
[2024-06-18T14:29:40.503+0000] {manager.py:879} INFO - 
================================================================================
DAG File Processing Stats

File Path                                      PID  Runtime      # DAGs    # Errors  Last Runtime    Last Run
-------------------------------------------  -----  ---------  --------  ----------  --------------  -------------------
/opt/airflow/dags/dag_sentiment_analysis.py    253  1.20s             1           0  11.77s          2024-06-18T14:29:08
================================================================================
[2024-06-18T14:30:10.587+0000] {manager.py:879} INFO - 
================================================================================
DAG File Processing Stats

File Path                                    PID    Runtime      # DAGs    # Errors  Last Runtime    Last Run
-------------------------------------------  -----  ---------  --------  ----------  --------------  -------------------
/opt/airflow/dags/dag_sentiment_analysis.py                           1           0  7.89s           2024-06-18T14:29:47
================================================================================
[2024-06-18T14:30:41.118+0000] {manager.py:879} INFO - 
================================================================================
DAG File Processing Stats

File Path                                    PID    Runtime      # DAGs    # Errors  Last Runtime    Last Run
-------------------------------------------  -----  ---------  --------  ----------  --------------  -------------------
/opt/airflow/dags/dag_sentiment_analysis.py                           1           0  9.16s           2024-06-18T14:30:26
================================================================================
[2024-06-18T14:31:11.434+0000] {manager.py:879} INFO - 
================================================================================
DAG File Processing Stats

File Path                                    PID    Runtime      # DAGs    # Errors  Last Runtime    Last Run
-------------------------------------------  -----  ---------  --------  ----------  --------------  -------------------
/opt/airflow/dags/dag_sentiment_analysis.py                           1           0  12.75s          2024-06-18T14:31:10
================================================================================
[2024-06-18T14:31:41.655+0000] {manager.py:879} INFO - 
================================================================================
DAG File Processing Stats

File Path                                      PID  Runtime      # DAGs    # Errors  Last Runtime    Last Run
-------------------------------------------  -----  ---------  --------  ----------  --------------  -------------------
/opt/airflow/dags/dag_sentiment_analysis.py    271  5.32s             1           0  12.75s          2024-06-18T14:31:10
================================================================================
[2024-06-18T14:32:12.602+0000] {manager.py:879} INFO - 
================================================================================
DAG File Processing Stats

File Path                                    PID    Runtime      # DAGs    # Errors  Last Runtime    Last Run
-------------------------------------------  -----  ---------  --------  ----------  --------------  -------------------
/opt/airflow/dags/dag_sentiment_analysis.py                           1           0  6.96s           2024-06-18T14:31:54
================================================================================
[2024-06-18T14:32:43.391+0000] {manager.py:879} INFO - 
================================================================================
DAG File Processing Stats

File Path                                    PID    Runtime      # DAGs    # Errors  Last Runtime    Last Run
-------------------------------------------  -----  ---------  --------  ----------  --------------  -------------------
/opt/airflow/dags/dag_sentiment_analysis.py                           1           0  17.70s          2024-06-18T14:32:42
================================================================================
[2024-06-18T14:32:58.772+0000] {manager.py:738} INFO - Searching for files in /opt/airflow/dags
[2024-06-18T14:32:58.830+0000] {manager.py:741} INFO - There are 1 files in /opt/airflow/dags
[2024-06-18T14:33:15.788+0000] {manager.py:879} INFO - 
================================================================================
DAG File Processing Stats

File Path                                      PID  Runtime      # DAGs    # Errors  Last Runtime    Last Run
-------------------------------------------  -----  ---------  --------  ----------  --------------  -------------------
/opt/airflow/dags/dag_sentiment_analysis.py    289  1.45s             1           0  17.70s          2024-06-18T14:32:42
================================================================================
[2024-06-18T14:33:46.770+0000] {manager.py:879} INFO - 
================================================================================
DAG File Processing Stats

File Path                                    PID    Runtime      # DAGs    # Errors  Last Runtime    Last Run
-------------------------------------------  -----  ---------  --------  ----------  --------------  -------------------
/opt/airflow/dags/dag_sentiment_analysis.py                           1           0  14.27s          2024-06-18T14:33:28
================================================================================
[2024-06-18T14:34:16.977+0000] {manager.py:879} INFO - 
================================================================================
DAG File Processing Stats

File Path                                    PID    Runtime      # DAGs    # Errors  Last Runtime    Last Run
-------------------------------------------  -----  ---------  --------  ----------  --------------  -------------------
/opt/airflow/dags/dag_sentiment_analysis.py                           1           0  10.28s          2024-06-18T14:34:09
================================================================================
[2024-06-18T14:34:47.209+0000] {manager.py:879} INFO - 
================================================================================
DAG File Processing Stats

File Path                                    PID    Runtime      # DAGs    # Errors  Last Runtime    Last Run
-------------------------------------------  -----  ---------  --------  ----------  --------------  -------------------
/opt/airflow/dags/dag_sentiment_analysis.py                           1           0  6.99s           2024-06-18T14:34:47
================================================================================
[2024-06-18T14:35:17.931+0000] {manager.py:879} INFO - 
================================================================================
DAG File Processing Stats

File Path                                      PID  Runtime      # DAGs    # Errors  Last Runtime    Last Run
-------------------------------------------  -----  ---------  --------  ----------  --------------  -------------------
/opt/airflow/dags/dag_sentiment_analysis.py    322  0.07s             1           0  6.99s           2024-06-18T14:34:47
================================================================================
[2024-06-18T14:35:48.174+0000] {manager.py:879} INFO - 
================================================================================
DAG File Processing Stats

File Path                                    PID    Runtime      # DAGs    # Errors  Last Runtime    Last Run
-------------------------------------------  -----  ---------  --------  ----------  --------------  -------------------
/opt/airflow/dags/dag_sentiment_analysis.py                           1           0  5.47s           2024-06-18T14:35:23
================================================================================
[2024-06-18T14:36:18.611+0000] {manager.py:879} INFO - 
================================================================================
DAG File Processing Stats

File Path                                    PID    Runtime      # DAGs    # Errors  Last Runtime    Last Run
-------------------------------------------  -----  ---------  --------  ----------  --------------  -------------------
/opt/airflow/dags/dag_sentiment_analysis.py                           1           0  4.66s           2024-06-18T14:35:59
================================================================================
[2024-06-18T14:36:49.273+0000] {manager.py:879} INFO - 
================================================================================
DAG File Processing Stats

File Path                                    PID    Runtime      # DAGs    # Errors  Last Runtime    Last Run
-------------------------------------------  -----  ---------  --------  ----------  --------------  -------------------
/opt/airflow/dags/dag_sentiment_analysis.py                           1           0  6.35s           2024-06-18T14:36:36
================================================================================
[2024-06-18T14:37:19.496+0000] {manager.py:879} INFO - 
================================================================================
DAG File Processing Stats

File Path                                    PID    Runtime      # DAGs    # Errors  Last Runtime    Last Run
-------------------------------------------  -----  ---------  --------  ----------  --------------  -------------------
/opt/airflow/dags/dag_sentiment_analysis.py                           1           0  5.24s           2024-06-18T14:37:12
================================================================================
[2024-06-18T14:37:49.720+0000] {manager.py:879} INFO - 
================================================================================
DAG File Processing Stats

File Path                                    PID    Runtime      # DAGs    # Errors  Last Runtime    Last Run
-------------------------------------------  -----  ---------  --------  ----------  --------------  -------------------
/opt/airflow/dags/dag_sentiment_analysis.py                           1           0  4.21s           2024-06-18T14:37:46
================================================================================
[2024-06-18T14:37:59.424+0000] {manager.py:738} INFO - Searching for files in /opt/airflow/dags
[2024-06-18T14:37:59.445+0000] {manager.py:741} INFO - There are 1 files in /opt/airflow/dags
[2024-06-18T14:38:19.810+0000] {manager.py:879} INFO - 
================================================================================
DAG File Processing Stats

File Path                                      PID  Runtime      # DAGs    # Errors  Last Runtime    Last Run
-------------------------------------------  -----  ---------  --------  ----------  --------------  -------------------
/opt/airflow/dags/dag_sentiment_analysis.py    355  2.08s             1           0  4.21s           2024-06-18T14:37:46
================================================================================
[2024-06-18T14:38:50.089+0000] {manager.py:879} INFO - 
================================================================================
DAG File Processing Stats

File Path                                    PID    Runtime      # DAGs    # Errors  Last Runtime    Last Run
-------------------------------------------  -----  ---------  --------  ----------  --------------  -------------------
/opt/airflow/dags/dag_sentiment_analysis.py                           1           0  3.94s           2024-06-18T14:38:21
================================================================================
[2024-06-18T14:39:20.484+0000] {manager.py:879} INFO - 
================================================================================
DAG File Processing Stats

File Path                                    PID    Runtime      # DAGs    # Errors  Last Runtime    Last Run
-------------------------------------------  -----  ---------  --------  ----------  --------------  -------------------
/opt/airflow/dags/dag_sentiment_analysis.py                           1           0  2.43s           2024-06-18T14:38:54
================================================================================
[2024-06-18T14:39:50.646+0000] {manager.py:879} INFO - 
================================================================================
DAG File Processing Stats

File Path                                    PID    Runtime      # DAGs    # Errors  Last Runtime    Last Run
-------------------------------------------  -----  ---------  --------  ----------  --------------  -------------------
/opt/airflow/dags/dag_sentiment_analysis.py                           1           0  3.30s           2024-06-18T14:39:28
================================================================================
[2024-06-18T14:40:20.825+0000] {manager.py:879} INFO - 
================================================================================
DAG File Processing Stats

File Path                                    PID    Runtime      # DAGs    # Errors  Last Runtime    Last Run
-------------------------------------------  -----  ---------  --------  ----------  --------------  -------------------
/opt/airflow/dags/dag_sentiment_analysis.py                           1           0  2.49s           2024-06-18T14:40:01
================================================================================
[2024-06-18T14:40:50.996+0000] {manager.py:879} INFO - 
================================================================================
DAG File Processing Stats

File Path                                    PID    Runtime      # DAGs    # Errors  Last Runtime    Last Run
-------------------------------------------  -----  ---------  --------  ----------  --------------  -------------------
/opt/airflow/dags/dag_sentiment_analysis.py                           1           0  2.91s           2024-06-18T14:40:34
================================================================================
[2024-06-18T14:41:21.304+0000] {manager.py:879} INFO - 
================================================================================
DAG File Processing Stats

File Path                                    PID    Runtime      # DAGs    # Errors  Last Runtime    Last Run
-------------------------------------------  -----  ---------  --------  ----------  --------------  -------------------
/opt/airflow/dags/dag_sentiment_analysis.py                           1           0  1.65s           2024-06-18T14:41:06
================================================================================
[2024-06-18T14:41:51.471+0000] {manager.py:879} INFO - 
================================================================================
DAG File Processing Stats

File Path                                    PID    Runtime      # DAGs    # Errors  Last Runtime    Last Run
-------------------------------------------  -----  ---------  --------  ----------  --------------  -------------------
/opt/airflow/dags/dag_sentiment_analysis.py                           1           0  0.87s           2024-06-18T14:41:37
================================================================================
[2024-06-18T14:42:21.633+0000] {manager.py:879} INFO - 
================================================================================
DAG File Processing Stats

File Path                                    PID    Runtime      # DAGs    # Errors  Last Runtime    Last Run
-------------------------------------------  -----  ---------  --------  ----------  --------------  -------------------
/opt/airflow/dags/dag_sentiment_analysis.py                           1           0  0.80s           2024-06-18T14:42:08
================================================================================
[2024-06-18T14:42:51.815+0000] {manager.py:879} INFO - 
================================================================================
DAG File Processing Stats

File Path                                    PID    Runtime      # DAGs    # Errors  Last Runtime    Last Run
-------------------------------------------  -----  ---------  --------  ----------  --------------  -------------------
/opt/airflow/dags/dag_sentiment_analysis.py                           1           0  1.54s           2024-06-18T14:42:40
================================================================================
[2024-06-18T14:42:59.451+0000] {manager.py:738} INFO - Searching for files in /opt/airflow/dags
[2024-06-18T14:42:59.459+0000] {manager.py:741} INFO - There are 1 files in /opt/airflow/dags
[2024-06-18T14:43:21.970+0000] {manager.py:879} INFO - 
================================================================================
DAG File Processing Stats

File Path                                    PID    Runtime      # DAGs    # Errors  Last Runtime    Last Run
-------------------------------------------  -----  ---------  --------  ----------  --------------  -------------------
/opt/airflow/dags/dag_sentiment_analysis.py                           1           0  0.94s           2024-06-18T14:43:12
================================================================================
[2024-06-18T14:43:52.082+0000] {manager.py:879} INFO - 
================================================================================
DAG File Processing Stats

File Path                                    PID    Runtime      # DAGs    # Errors  Last Runtime    Last Run
-------------------------------------------  -----  ---------  --------  ----------  --------------  -------------------
/opt/airflow/dags/dag_sentiment_analysis.py                           1           0  0.78s           2024-06-18T14:43:43
================================================================================
[2024-06-18T14:44:22.351+0000] {manager.py:879} INFO - 
================================================================================
DAG File Processing Stats

File Path                                    PID    Runtime      # DAGs    # Errors  Last Runtime    Last Run
-------------------------------------------  -----  ---------  --------  ----------  --------------  -------------------
/opt/airflow/dags/dag_sentiment_analysis.py                           1           0  0.90s           2024-06-18T14:44:15
================================================================================
[2024-06-18T14:44:52.493+0000] {manager.py:879} INFO - 
================================================================================
DAG File Processing Stats

File Path                                    PID    Runtime      # DAGs    # Errors  Last Runtime    Last Run
-------------------------------------------  -----  ---------  --------  ----------  --------------  -------------------
/opt/airflow/dags/dag_sentiment_analysis.py                           1           0  1.86s           2024-06-18T14:44:47
================================================================================
[2024-06-18T14:45:22.646+0000] {manager.py:879} INFO - 
================================================================================
DAG File Processing Stats

File Path                                      PID  Runtime      # DAGs    # Errors  Last Runtime    Last Run
-------------------------------------------  -----  ---------  --------  ----------  --------------  -------------------
/opt/airflow/dags/dag_sentiment_analysis.py    439  4.54s             1           0  1.86s           2024-06-18T14:44:47
================================================================================
[2024-06-18T14:45:52.888+0000] {manager.py:879} INFO - 
================================================================================
DAG File Processing Stats

File Path                                    PID    Runtime      # DAGs    # Errors  Last Runtime    Last Run
-------------------------------------------  -----  ---------  --------  ----------  --------------  -------------------
/opt/airflow/dags/dag_sentiment_analysis.py                           1           0  5.73s           2024-06-18T14:45:23
================================================================================
[2024-06-18T14:46:23.154+0000] {manager.py:879} INFO - 
================================================================================
DAG File Processing Stats

File Path                                    PID    Runtime      # DAGs    # Errors  Last Runtime    Last Run
-------------------------------------------  -----  ---------  --------  ----------  --------------  -------------------
/opt/airflow/dags/dag_sentiment_analysis.py                           1           0  3.36s           2024-06-18T14:45:57
================================================================================
[2024-06-18T14:46:53.689+0000] {manager.py:879} INFO - 
================================================================================
DAG File Processing Stats

File Path                                    PID    Runtime      # DAGs    # Errors  Last Runtime    Last Run
-------------------------------------------  -----  ---------  --------  ----------  --------------  -------------------
/opt/airflow/dags/dag_sentiment_analysis.py                           1           0  3.27s           2024-06-18T14:46:31
================================================================================
[2024-06-18T14:47:23.864+0000] {manager.py:879} INFO - 
================================================================================
DAG File Processing Stats

File Path                                    PID    Runtime      # DAGs    # Errors  Last Runtime    Last Run
-------------------------------------------  -----  ---------  --------  ----------  --------------  -------------------
/opt/airflow/dags/dag_sentiment_analysis.py                           1           0  3.97s           2024-06-18T14:47:05
================================================================================
[2024-06-18T14:47:54.853+0000] {manager.py:879} INFO - 
================================================================================
DAG File Processing Stats

File Path                                    PID    Runtime      # DAGs    # Errors  Last Runtime    Last Run
-------------------------------------------  -----  ---------  --------  ----------  --------------  -------------------
/opt/airflow/dags/dag_sentiment_analysis.py                           1           0  1.07s           2024-06-18T14:47:37
================================================================================
[2024-06-18T14:47:59.912+0000] {manager.py:738} INFO - Searching for files in /opt/airflow/dags
[2024-06-18T14:47:59.927+0000] {manager.py:741} INFO - There are 1 files in /opt/airflow/dags
[2024-06-18T14:48:24.963+0000] {manager.py:879} INFO - 
================================================================================
DAG File Processing Stats

File Path                                    PID    Runtime      # DAGs    # Errors  Last Runtime    Last Run
-------------------------------------------  -----  ---------  --------  ----------  --------------  -------------------
/opt/airflow/dags/dag_sentiment_analysis.py                           1           0  0.73s           2024-06-18T14:48:08
================================================================================
[2024-06-18T14:48:55.155+0000] {manager.py:879} INFO - 
================================================================================
DAG File Processing Stats

File Path                                    PID    Runtime      # DAGs    # Errors  Last Runtime    Last Run
-------------------------------------------  -----  ---------  --------  ----------  --------------  -------------------
/opt/airflow/dags/dag_sentiment_analysis.py                           1           0  0.89s           2024-06-18T14:48:39
================================================================================
[2024-06-18T14:49:25.405+0000] {manager.py:879} INFO - 
================================================================================
DAG File Processing Stats

File Path                                    PID    Runtime      # DAGs    # Errors  Last Runtime    Last Run
-------------------------------------------  -----  ---------  --------  ----------  --------------  -------------------
/opt/airflow/dags/dag_sentiment_analysis.py                           1           0  1.86s           2024-06-18T14:49:12
================================================================================
[2024-06-18T14:49:55.525+0000] {manager.py:879} INFO - 
================================================================================
DAG File Processing Stats

File Path                                    PID    Runtime      # DAGs    # Errors  Last Runtime    Last Run
-------------------------------------------  -----  ---------  --------  ----------  --------------  -------------------
/opt/airflow/dags/dag_sentiment_analysis.py                           1           0  0.83s           2024-06-18T14:49:43
================================================================================
[2024-06-18T14:50:25.593+0000] {manager.py:879} INFO - 
================================================================================
DAG File Processing Stats

File Path                                    PID    Runtime      # DAGs    # Errors  Last Runtime    Last Run
-------------------------------------------  -----  ---------  --------  ----------  --------------  -------------------
/opt/airflow/dags/dag_sentiment_analysis.py                           1           0  0.79s           2024-06-18T14:50:14
================================================================================
[2024-06-18T14:50:55.623+0000] {manager.py:879} INFO - 
================================================================================
DAG File Processing Stats

File Path                                    PID    Runtime      # DAGs    # Errors  Last Runtime    Last Run
-------------------------------------------  -----  ---------  --------  ----------  --------------  -------------------
/opt/airflow/dags/dag_sentiment_analysis.py                           1           0  0.83s           2024-06-18T14:50:45
================================================================================
[2024-06-18T14:51:25.848+0000] {manager.py:879} INFO - 
================================================================================
DAG File Processing Stats

File Path                                    PID    Runtime      # DAGs    # Errors  Last Runtime    Last Run
-------------------------------------------  -----  ---------  --------  ----------  --------------  -------------------
/opt/airflow/dags/dag_sentiment_analysis.py                           1           0  0.90s           2024-06-18T14:51:16
================================================================================
[2024-06-18T14:51:55.967+0000] {manager.py:879} INFO - 
================================================================================
DAG File Processing Stats

File Path                                    PID    Runtime      # DAGs    # Errors  Last Runtime    Last Run
-------------------------------------------  -----  ---------  --------  ----------  --------------  -------------------
/opt/airflow/dags/dag_sentiment_analysis.py                           1           0  0.81s           2024-06-18T14:51:47
================================================================================
[2024-06-18T14:52:26.081+0000] {manager.py:879} INFO - 
================================================================================
DAG File Processing Stats

File Path                                    PID    Runtime      # DAGs    # Errors  Last Runtime    Last Run
-------------------------------------------  -----  ---------  --------  ----------  --------------  -------------------
/opt/airflow/dags/dag_sentiment_analysis.py                           1           0  0.81s           2024-06-18T14:52:19
================================================================================
[2024-06-18T14:52:56.162+0000] {manager.py:879} INFO - 
================================================================================
DAG File Processing Stats

File Path                                    PID    Runtime      # DAGs    # Errors  Last Runtime    Last Run
-------------------------------------------  -----  ---------  --------  ----------  --------------  -------------------
/opt/airflow/dags/dag_sentiment_analysis.py                           1           0  0.77s           2024-06-18T14:52:50
================================================================================
[2024-06-18T14:52:59.991+0000] {manager.py:738} INFO - Searching for files in /opt/airflow/dags
[2024-06-18T14:53:00.008+0000] {manager.py:741} INFO - There are 1 files in /opt/airflow/dags
[2024-06-18T14:53:26.492+0000] {manager.py:879} INFO - 
================================================================================
DAG File Processing Stats

File Path                                    PID    Runtime      # DAGs    # Errors  Last Runtime    Last Run
-------------------------------------------  -----  ---------  --------  ----------  --------------  -------------------
/opt/airflow/dags/dag_sentiment_analysis.py                           1           0  0.75s           2024-06-18T14:53:21
================================================================================
[2024-06-18T14:53:56.807+0000] {manager.py:879} INFO - 
================================================================================
DAG File Processing Stats

File Path                                    PID    Runtime      # DAGs    # Errors  Last Runtime    Last Run
-------------------------------------------  -----  ---------  --------  ----------  --------------  -------------------
/opt/airflow/dags/dag_sentiment_analysis.py                           1           0  0.77s           2024-06-18T14:53:52
================================================================================
[2024-06-18T14:54:27.166+0000] {manager.py:879} INFO - 
================================================================================
DAG File Processing Stats

File Path                                    PID    Runtime      # DAGs    # Errors  Last Runtime    Last Run
-------------------------------------------  -----  ---------  --------  ----------  --------------  -------------------
/opt/airflow/dags/dag_sentiment_analysis.py                           1           0  0.80s           2024-06-18T14:54:23
================================================================================
[2024-06-18T14:54:57.332+0000] {manager.py:879} INFO - 
================================================================================
DAG File Processing Stats

File Path                                    PID    Runtime      # DAGs    # Errors  Last Runtime    Last Run
-------------------------------------------  -----  ---------  --------  ----------  --------------  -------------------
/opt/airflow/dags/dag_sentiment_analysis.py                           1           0  0.82s           2024-06-18T14:54:54
================================================================================
[2024-06-18T14:55:27.423+0000] {manager.py:879} INFO - 
================================================================================
DAG File Processing Stats

File Path                                    PID    Runtime      # DAGs    # Errors  Last Runtime    Last Run
-------------------------------------------  -----  ---------  --------  ----------  --------------  -------------------
/opt/airflow/dags/dag_sentiment_analysis.py                           1           0  0.79s           2024-06-18T14:55:25
================================================================================
[2024-06-18T14:55:57.550+0000] {manager.py:879} INFO - 
================================================================================
DAG File Processing Stats

File Path                                    PID    Runtime      # DAGs    # Errors  Last Runtime    Last Run
-------------------------------------------  -----  ---------  --------  ----------  --------------  -------------------
/opt/airflow/dags/dag_sentiment_analysis.py                           1           0  0.82s           2024-06-18T14:55:56
================================================================================
[2024-06-18T14:56:27.715+0000] {manager.py:879} INFO - 
================================================================================
DAG File Processing Stats

File Path                                    PID    Runtime      # DAGs    # Errors  Last Runtime    Last Run
-------------------------------------------  -----  ---------  --------  ----------  --------------  -------------------
/opt/airflow/dags/dag_sentiment_analysis.py                           1           0  0.79s           2024-06-18T14:56:27
================================================================================
[2024-06-18T14:56:57.856+0000] {manager.py:879} INFO - 
================================================================================
DAG File Processing Stats

File Path                                      PID  Runtime      # DAGs    # Errors  Last Runtime    Last Run
-------------------------------------------  -----  ---------  --------  ----------  --------------  -------------------
/opt/airflow/dags/dag_sentiment_analysis.py    577  0.02s             1           0  0.79s           2024-06-18T14:56:27
================================================================================
[2024-06-18T14:57:27.999+0000] {manager.py:879} INFO - 
================================================================================
DAG File Processing Stats

File Path                                    PID    Runtime      # DAGs    # Errors  Last Runtime    Last Run
-------------------------------------------  -----  ---------  --------  ----------  --------------  -------------------
/opt/airflow/dags/dag_sentiment_analysis.py                           1           0  0.98s           2024-06-18T14:56:58
================================================================================
[2024-06-18T14:57:58.142+0000] {manager.py:879} INFO - 
================================================================================
DAG File Processing Stats

File Path                                    PID    Runtime      # DAGs    # Errors  Last Runtime    Last Run
-------------------------------------------  -----  ---------  --------  ----------  --------------  -------------------
/opt/airflow/dags/dag_sentiment_analysis.py                           1           0  0.91s           2024-06-18T14:57:29
================================================================================
[2024-06-18T14:58:00.367+0000] {manager.py:738} INFO - Searching for files in /opt/airflow/dags
[2024-06-18T14:58:00.382+0000] {manager.py:741} INFO - There are 1 files in /opt/airflow/dags
[2024-06-18T14:58:28.309+0000] {manager.py:879} INFO - 
================================================================================
DAG File Processing Stats

File Path                                    PID    Runtime      # DAGs    # Errors  Last Runtime    Last Run
-------------------------------------------  -----  ---------  --------  ----------  --------------  -------------------
/opt/airflow/dags/dag_sentiment_analysis.py                           1           0  1.23s           2024-06-18T14:58:01
================================================================================
[2024-06-18T14:58:58.563+0000] {manager.py:879} INFO - 
================================================================================
DAG File Processing Stats

File Path                                    PID    Runtime      # DAGs    # Errors  Last Runtime    Last Run
-------------------------------------------  -----  ---------  --------  ----------  --------------  -------------------
/opt/airflow/dags/dag_sentiment_analysis.py                           1           0  1.03s           2024-06-18T14:58:32
================================================================================
[2024-06-18T14:59:28.707+0000] {manager.py:879} INFO - 
================================================================================
DAG File Processing Stats

File Path                                    PID    Runtime      # DAGs    # Errors  Last Runtime    Last Run
-------------------------------------------  -----  ---------  --------  ----------  --------------  -------------------
/opt/airflow/dags/dag_sentiment_analysis.py                           1           0  1.49s           2024-06-18T14:59:04
================================================================================
[2024-06-18T14:59:58.846+0000] {manager.py:879} INFO - 
================================================================================
DAG File Processing Stats

File Path                                    PID    Runtime      # DAGs    # Errors  Last Runtime    Last Run
-------------------------------------------  -----  ---------  --------  ----------  --------------  -------------------
/opt/airflow/dags/dag_sentiment_analysis.py                           1           0  1.78s           2024-06-18T14:59:36
================================================================================
